INFO 2026-02-06 13:48:09,750 autoreload 35288 17616 Watching for file changes with StatReloader
INFO 2026-02-06 13:50:12,056 autoreload 9760 38508 Watching for file changes with StatReloader
INFO 2026-02-06 13:52:50,101 autoreload 26308 29428 Watching for file changes with StatReloader
ERROR 2026-02-06 13:53:22,803 log 26308 10500 Internal Server Error: /skills/
Traceback (most recent call last):
  File "C:\Users\Diwan\Desktop\Diwan\Programming\Python\Internship\My portfolio\portfolio\Lib\site-packages\django\template\base.py", line 577, in parse
    compile_func = self.tags[command]
                   ~~~~~~~~~^^^^^^^^^
KeyError: 'endblock'

During handling of the above exception, another exception occurred:

Traceback (most recent call last):
  File "C:\Users\Diwan\Desktop\Diwan\Programming\Python\Internship\My portfolio\portfolio\Lib\site-packages\django\core\handlers\exception.py", line 55, in inner
    response = get_response(request)
  File "C:\Users\Diwan\Desktop\Diwan\Programming\Python\Internship\My portfolio\portfolio\Lib\site-packages\django\core\handlers\base.py", line 198, in _get_response
    response = wrapped_callback(request, *callback_args, **callback_kwargs)
  File "C:\Users\Diwan\Desktop\Diwan\Programming\Python\Internship\My portfolio\myportfolio\home\views.py", line 114, in skills
    return render(request, 'skills.html', context)
  File "C:\Users\Diwan\Desktop\Diwan\Programming\Python\Internship\My portfolio\portfolio\Lib\site-packages\django\shortcuts.py", line 25, in render
    content = loader.render_to_string(template_name, context, request, using=using)
  File "C:\Users\Diwan\Desktop\Diwan\Programming\Python\Internship\My portfolio\portfolio\Lib\site-packages\django\template\loader.py", line 61, in render_to_string
    template = get_template(template_name, using=using)
  File "C:\Users\Diwan\Desktop\Diwan\Programming\Python\Internship\My portfolio\portfolio\Lib\site-packages\django\template\loader.py", line 15, in get_template
    return engine.get_template(template_name)
           ~~~~~~~~~~~~~~~~~~~^^^^^^^^^^^^^^^
  File "C:\Users\Diwan\Desktop\Diwan\Programming\Python\Internship\My portfolio\portfolio\Lib\site-packages\django\template\backends\django.py", line 79, in get_template
    return Template(self.engine.get_template(template_name), self)
                    ~~~~~~~~~~~~~~~~~~~~~~~~^^^^^^^^^^^^^^^
  File "C:\Users\Diwan\Desktop\Diwan\Programming\Python\Internship\My portfolio\portfolio\Lib\site-packages\django\template\engine.py", line 186, in get_template
    template, origin = self.find_template(template_name)
                       ~~~~~~~~~~~~~~~~~~^^^^^^^^^^^^^^^
  File "C:\Users\Diwan\Desktop\Diwan\Programming\Python\Internship\My portfolio\portfolio\Lib\site-packages\django\template\engine.py", line 159, in find_template
    template = loader.get_template(name, skip=skip)
  File "C:\Users\Diwan\Desktop\Diwan\Programming\Python\Internship\My portfolio\portfolio\Lib\site-packages\django\template\loaders\cached.py", line 57, in get_template
    template = super().get_template(template_name, skip)
  File "C:\Users\Diwan\Desktop\Diwan\Programming\Python\Internship\My portfolio\portfolio\Lib\site-packages\django\template\loaders\base.py", line 28, in get_template
    return Template(
        contents,
    ...<2 lines>...
        self.engine,
    )
  File "C:\Users\Diwan\Desktop\Diwan\Programming\Python\Internship\My portfolio\portfolio\Lib\site-packages\django\template\base.py", line 157, in __init__
    self.nodelist = self.compile_nodelist()
                    ~~~~~~~~~~~~~~~~~~~~~^^
  File "C:\Users\Diwan\Desktop\Diwan\Programming\Python\Internship\My portfolio\portfolio\Lib\site-packages\django\template\base.py", line 199, in compile_nodelist
    nodelist = parser.parse()
  File "C:\Users\Diwan\Desktop\Diwan\Programming\Python\Internship\My portfolio\portfolio\Lib\site-packages\django\template\base.py", line 585, in parse
    raise self.error(token, e)
  File "C:\Users\Diwan\Desktop\Diwan\Programming\Python\Internship\My portfolio\portfolio\Lib\site-packages\django\template\base.py", line 583, in parse
    compiled_result = compile_func(self, token)
  File "C:\Users\Diwan\Desktop\Diwan\Programming\Python\Internship\My portfolio\portfolio\Lib\site-packages\django\template\loader_tags.py", line 307, in do_extends
    nodelist = parser.parse()
  File "C:\Users\Diwan\Desktop\Diwan\Programming\Python\Internship\My portfolio\portfolio\Lib\site-packages\django\template\base.py", line 579, in parse
    self.invalid_block_tag(token, command, parse_until)
    ~~~~~~~~~~~~~~~~~~~~~~^^^^^^^^^^^^^^^^^^^^^^^^^^^^^
  File "C:\Users\Diwan\Desktop\Diwan\Programming\Python\Internship\My portfolio\portfolio\Lib\site-packages\django\template\base.py", line 644, in invalid_block_tag
    raise self.error(
    ...<3 lines>...
    )
django.template.exceptions.TemplateSyntaxError: Template: C:\Users\Diwan\Desktop\Diwan\Programming\Python\Internship\My portfolio\myportfolio\home\templates\skills.html, Invalid block tag on line 232: 'endblock'. Did you forget to register or load this tag?
ERROR 2026-02-06 13:53:46,004 log 26308 10500 Internal Server Error: /skills/
Traceback (most recent call last):
  File "C:\Users\Diwan\Desktop\Diwan\Programming\Python\Internship\My portfolio\portfolio\Lib\site-packages\django\template\base.py", line 577, in parse
    compile_func = self.tags[command]
                   ~~~~~~~~~^^^^^^^^^
KeyError: 'endblock'

During handling of the above exception, another exception occurred:

Traceback (most recent call last):
  File "C:\Users\Diwan\Desktop\Diwan\Programming\Python\Internship\My portfolio\portfolio\Lib\site-packages\django\core\handlers\exception.py", line 55, in inner
    response = get_response(request)
  File "C:\Users\Diwan\Desktop\Diwan\Programming\Python\Internship\My portfolio\portfolio\Lib\site-packages\django\core\handlers\base.py", line 198, in _get_response
    response = wrapped_callback(request, *callback_args, **callback_kwargs)
  File "C:\Users\Diwan\Desktop\Diwan\Programming\Python\Internship\My portfolio\myportfolio\home\views.py", line 114, in skills
    return render(request, 'skills.html', context)
  File "C:\Users\Diwan\Desktop\Diwan\Programming\Python\Internship\My portfolio\portfolio\Lib\site-packages\django\shortcuts.py", line 25, in render
    content = loader.render_to_string(template_name, context, request, using=using)
  File "C:\Users\Diwan\Desktop\Diwan\Programming\Python\Internship\My portfolio\portfolio\Lib\site-packages\django\template\loader.py", line 61, in render_to_string
    template = get_template(template_name, using=using)
  File "C:\Users\Diwan\Desktop\Diwan\Programming\Python\Internship\My portfolio\portfolio\Lib\site-packages\django\template\loader.py", line 15, in get_template
    return engine.get_template(template_name)
           ~~~~~~~~~~~~~~~~~~~^^^^^^^^^^^^^^^
  File "C:\Users\Diwan\Desktop\Diwan\Programming\Python\Internship\My portfolio\portfolio\Lib\site-packages\django\template\backends\django.py", line 79, in get_template
    return Template(self.engine.get_template(template_name), self)
                    ~~~~~~~~~~~~~~~~~~~~~~~~^^^^^^^^^^^^^^^
  File "C:\Users\Diwan\Desktop\Diwan\Programming\Python\Internship\My portfolio\portfolio\Lib\site-packages\django\template\engine.py", line 186, in get_template
    template, origin = self.find_template(template_name)
                       ~~~~~~~~~~~~~~~~~~^^^^^^^^^^^^^^^
  File "C:\Users\Diwan\Desktop\Diwan\Programming\Python\Internship\My portfolio\portfolio\Lib\site-packages\django\template\engine.py", line 159, in find_template
    template = loader.get_template(name, skip=skip)
  File "C:\Users\Diwan\Desktop\Diwan\Programming\Python\Internship\My portfolio\portfolio\Lib\site-packages\django\template\loaders\cached.py", line 57, in get_template
    template = super().get_template(template_name, skip)
  File "C:\Users\Diwan\Desktop\Diwan\Programming\Python\Internship\My portfolio\portfolio\Lib\site-packages\django\template\loaders\base.py", line 28, in get_template
    return Template(
        contents,
    ...<2 lines>...
        self.engine,
    )
  File "C:\Users\Diwan\Desktop\Diwan\Programming\Python\Internship\My portfolio\portfolio\Lib\site-packages\django\template\base.py", line 157, in __init__
    self.nodelist = self.compile_nodelist()
                    ~~~~~~~~~~~~~~~~~~~~~^^
  File "C:\Users\Diwan\Desktop\Diwan\Programming\Python\Internship\My portfolio\portfolio\Lib\site-packages\django\template\base.py", line 199, in compile_nodelist
    nodelist = parser.parse()
  File "C:\Users\Diwan\Desktop\Diwan\Programming\Python\Internship\My portfolio\portfolio\Lib\site-packages\django\template\base.py", line 585, in parse
    raise self.error(token, e)
  File "C:\Users\Diwan\Desktop\Diwan\Programming\Python\Internship\My portfolio\portfolio\Lib\site-packages\django\template\base.py", line 583, in parse
    compiled_result = compile_func(self, token)
  File "C:\Users\Diwan\Desktop\Diwan\Programming\Python\Internship\My portfolio\portfolio\Lib\site-packages\django\template\loader_tags.py", line 307, in do_extends
    nodelist = parser.parse()
  File "C:\Users\Diwan\Desktop\Diwan\Programming\Python\Internship\My portfolio\portfolio\Lib\site-packages\django\template\base.py", line 579, in parse
    self.invalid_block_tag(token, command, parse_until)
    ~~~~~~~~~~~~~~~~~~~~~~^^^^^^^^^^^^^^^^^^^^^^^^^^^^^
  File "C:\Users\Diwan\Desktop\Diwan\Programming\Python\Internship\My portfolio\portfolio\Lib\site-packages\django\template\base.py", line 644, in invalid_block_tag
    raise self.error(
    ...<3 lines>...
    )
django.template.exceptions.TemplateSyntaxError: Template: C:\Users\Diwan\Desktop\Diwan\Programming\Python\Internship\My portfolio\myportfolio\home\templates\skills.html, Invalid block tag on line 232: 'endblock'. Did you forget to register or load this tag?
ERROR 2026-02-06 13:55:44,329 log 26308 10500 Internal Server Error: /skills/
Traceback (most recent call last):
  File "C:\Users\Diwan\Desktop\Diwan\Programming\Python\Internship\My portfolio\portfolio\Lib\site-packages\django\template\base.py", line 577, in parse
    compile_func = self.tags[command]
                   ~~~~~~~~~^^^^^^^^^
KeyError: 'endblock'

During handling of the above exception, another exception occurred:

Traceback (most recent call last):
  File "C:\Users\Diwan\Desktop\Diwan\Programming\Python\Internship\My portfolio\portfolio\Lib\site-packages\django\core\handlers\exception.py", line 55, in inner
    response = get_response(request)
  File "C:\Users\Diwan\Desktop\Diwan\Programming\Python\Internship\My portfolio\portfolio\Lib\site-packages\django\core\handlers\base.py", line 198, in _get_response
    response = wrapped_callback(request, *callback_args, **callback_kwargs)
  File "C:\Users\Diwan\Desktop\Diwan\Programming\Python\Internship\My portfolio\myportfolio\home\views.py", line 114, in skills
    return render(request, 'skills.html', context)
  File "C:\Users\Diwan\Desktop\Diwan\Programming\Python\Internship\My portfolio\portfolio\Lib\site-packages\django\shortcuts.py", line 25, in render
    content = loader.render_to_string(template_name, context, request, using=using)
  File "C:\Users\Diwan\Desktop\Diwan\Programming\Python\Internship\My portfolio\portfolio\Lib\site-packages\django\template\loader.py", line 61, in render_to_string
    template = get_template(template_name, using=using)
  File "C:\Users\Diwan\Desktop\Diwan\Programming\Python\Internship\My portfolio\portfolio\Lib\site-packages\django\template\loader.py", line 15, in get_template
    return engine.get_template(template_name)
           ~~~~~~~~~~~~~~~~~~~^^^^^^^^^^^^^^^
  File "C:\Users\Diwan\Desktop\Diwan\Programming\Python\Internship\My portfolio\portfolio\Lib\site-packages\django\template\backends\django.py", line 79, in get_template
    return Template(self.engine.get_template(template_name), self)
                    ~~~~~~~~~~~~~~~~~~~~~~~~^^^^^^^^^^^^^^^
  File "C:\Users\Diwan\Desktop\Diwan\Programming\Python\Internship\My portfolio\portfolio\Lib\site-packages\django\template\engine.py", line 186, in get_template
    template, origin = self.find_template(template_name)
                       ~~~~~~~~~~~~~~~~~~^^^^^^^^^^^^^^^
  File "C:\Users\Diwan\Desktop\Diwan\Programming\Python\Internship\My portfolio\portfolio\Lib\site-packages\django\template\engine.py", line 159, in find_template
    template = loader.get_template(name, skip=skip)
  File "C:\Users\Diwan\Desktop\Diwan\Programming\Python\Internship\My portfolio\portfolio\Lib\site-packages\django\template\loaders\cached.py", line 57, in get_template
    template = super().get_template(template_name, skip)
  File "C:\Users\Diwan\Desktop\Diwan\Programming\Python\Internship\My portfolio\portfolio\Lib\site-packages\django\template\loaders\base.py", line 28, in get_template
    return Template(
        contents,
    ...<2 lines>...
        self.engine,
    )
  File "C:\Users\Diwan\Desktop\Diwan\Programming\Python\Internship\My portfolio\portfolio\Lib\site-packages\django\template\base.py", line 157, in __init__
    self.nodelist = self.compile_nodelist()
                    ~~~~~~~~~~~~~~~~~~~~~^^
  File "C:\Users\Diwan\Desktop\Diwan\Programming\Python\Internship\My portfolio\portfolio\Lib\site-packages\django\template\base.py", line 199, in compile_nodelist
    nodelist = parser.parse()
  File "C:\Users\Diwan\Desktop\Diwan\Programming\Python\Internship\My portfolio\portfolio\Lib\site-packages\django\template\base.py", line 585, in parse
    raise self.error(token, e)
  File "C:\Users\Diwan\Desktop\Diwan\Programming\Python\Internship\My portfolio\portfolio\Lib\site-packages\django\template\base.py", line 583, in parse
    compiled_result = compile_func(self, token)
  File "C:\Users\Diwan\Desktop\Diwan\Programming\Python\Internship\My portfolio\portfolio\Lib\site-packages\django\template\loader_tags.py", line 307, in do_extends
    nodelist = parser.parse()
  File "C:\Users\Diwan\Desktop\Diwan\Programming\Python\Internship\My portfolio\portfolio\Lib\site-packages\django\template\base.py", line 579, in parse
    self.invalid_block_tag(token, command, parse_until)
    ~~~~~~~~~~~~~~~~~~~~~~^^^^^^^^^^^^^^^^^^^^^^^^^^^^^
  File "C:\Users\Diwan\Desktop\Diwan\Programming\Python\Internship\My portfolio\portfolio\Lib\site-packages\django\template\base.py", line 644, in invalid_block_tag
    raise self.error(
    ...<3 lines>...
    )
django.template.exceptions.TemplateSyntaxError: Template: C:\Users\Diwan\Desktop\Diwan\Programming\Python\Internship\My portfolio\myportfolio\home\templates\skills.html, Invalid block tag on line 232: 'endblock'. Did you forget to register or load this tag?
INFO 2026-02-06 13:56:31,881 autoreload 38472 32988 Watching for file changes with StatReloader
WARNING 2026-02-06 13:57:24,756 log 38472 12512 Not Found: /.well-known/appspecific/com.chrome.devtools.json
WARNING 2026-02-06 13:59:43,711 log 38472 2996 Not Found: /favicon.ico
WARNING 2026-02-06 14:01:05,490 log 38472 38140 Not Found: /tasks/
WARNING 2026-02-06 14:01:12,156 log 38472 38812 Not Found: /favicon.ico
INFO 2026-02-06 14:02:56,318 views 38472 17468 Resume downloaded by 127.0.0.1
INFO 2026-02-06 14:03:03,004 views 38472 17468 Resume downloaded by 127.0.0.1
INFO 2026-02-06 14:06:00,020 views 38472 16792 Resume downloaded by 127.0.0.1
WARNING 2026-02-06 14:09:48,923 log 38472 28908 Not Found: /.well-known/appspecific/com.chrome.devtools.json
WARNING 2026-02-06 14:11:41,178 log 38472 28908 Not Found: /.well-known/appspecific/com.chrome.devtools.json
INFO 2026-02-06 14:11:43,037 views 38472 28908 Resume downloaded by 127.0.0.1
WARNING 2026-02-06 14:11:59,476 log 38472 28908 Not Found: /.well-known/appspecific/com.chrome.devtools.json
WARNING 2026-02-06 14:12:43,354 log 38472 20944 Not Found: /.well-known/appspecific/com.chrome.devtools.json
INFO 2026-02-06 14:16:01,182 views 38472 20944 Resume downloaded by 127.0.0.1
INFO 2026-02-06 14:19:52,995 autoreload 9760 38508 C:\Users\Diwan\Desktop\Diwan\Programming\Python\Internship\My portfolio\myportfolio\home\views.py changed, reloading.
INFO 2026-02-06 14:19:53,710 autoreload 34716 31004 Watching for file changes with StatReloader
INFO 2026-02-06 14:19:53,727 autoreload 38472 32988 C:\Users\Diwan\Desktop\Diwan\Programming\Python\Internship\My portfolio\myportfolio\home\views.py changed, reloading.
INFO 2026-02-06 14:19:54,451 autoreload 15592 27600 Watching for file changes with StatReloader
INFO 2026-02-06 14:20:11,361 autoreload 34716 31004 C:\Users\Diwan\Desktop\Diwan\Programming\Python\Internship\My portfolio\myportfolio\home\views.py changed, reloading.
INFO 2026-02-06 14:20:11,909 autoreload 15592 27600 C:\Users\Diwan\Desktop\Diwan\Programming\Python\Internship\My portfolio\myportfolio\home\views.py changed, reloading.
INFO 2026-02-06 14:20:12,019 autoreload 39608 35868 Watching for file changes with StatReloader
INFO 2026-02-06 14:20:12,431 autoreload 18824 2004 Watching for file changes with StatReloader
INFO 2026-02-06 14:20:47,840 views 39608 37192 Contact form submitted by Diwan ghimire (diwan6777@gmail.com)
INFO 2026-02-06 14:22:14,710 views 39608 37192 Contact form submitted by Diwan ghimire (diwan6777@gmail.com)
INFO 2026-02-06 14:22:23,601 views 39608 37192 Contact form submitted by Diwan Ghimire (diwan6777@gmail.com)
INFO 2026-02-06 14:23:23,692 autoreload 39608 35868 C:\Users\Diwan\Desktop\Diwan\Programming\Python\Internship\My portfolio\myportfolio\myportfolio\settings.py changed, reloading.
INFO 2026-02-06 14:23:23,781 autoreload 18824 2004 C:\Users\Diwan\Desktop\Diwan\Programming\Python\Internship\My portfolio\myportfolio\myportfolio\settings.py changed, reloading.
INFO 2026-02-06 14:23:24,387 autoreload 548 24480 Watching for file changes with StatReloader
INFO 2026-02-06 14:23:24,388 autoreload 14552 12992 Watching for file changes with StatReloader
INFO 2026-02-06 14:23:29,690 autoreload 548 24480 C:\Users\Diwan\Desktop\Diwan\Programming\Python\Internship\My portfolio\myportfolio\myportfolio\settings.py changed, reloading.
INFO 2026-02-06 14:23:29,691 autoreload 14552 12992 C:\Users\Diwan\Desktop\Diwan\Programming\Python\Internship\My portfolio\myportfolio\myportfolio\settings.py changed, reloading.
INFO 2026-02-06 14:23:30,289 autoreload 18216 572 Watching for file changes with StatReloader
INFO 2026-02-06 14:23:30,293 autoreload 20640 32260 Watching for file changes with StatReloader
INFO 2026-02-06 14:24:18,469 autoreload 28852 24852 Watching for file changes with StatReloader
WARNING 2026-02-06 14:24:22,689 log 18216 31436 Not Found: /favicon.ico
INFO 2026-02-06 14:26:10,396 views 18216 3424 Contact form submitted by Diwan Ghimire (diwan6777@gmail.com)
WARNING 2026-02-06 14:30:22,398 log 18216 33400 Not Found: /favicon.ico
INFO 2026-02-06 14:30:47,338 views 18216 37760 Contact form submitted by Diwan Ghimire (diwan6777@gmail.com)
INFO 2026-02-06 14:31:20,929 views 18216 37760 Contact form submitted by Diwan Ghimire (diwan6777@gmail.com)
INFO 2026-02-06 14:32:01,877 views 18216 37760 Contact form submitted by Diwan Ghimire (diwan6777@gmail.com)
INFO 2026-02-06 14:34:49,308 autoreload 15852 10832 Watching for file changes with StatReloader
WARNING 2026-02-06 14:35:01,871 log 18216 17764 Not Found: /favicon.ico
INFO 2026-02-06 14:39:59,067 autoreload 21000 29824 Watching for file changes with StatReloader
WARNING 2026-02-06 14:40:18,496 log 18216 26676 Not Found: /.well-known/appspecific/com.chrome.devtools.json
INFO 2026-02-06 14:42:58,624 autoreload 22120 28332 Watching for file changes with StatReloader
WARNING 2026-02-06 14:44:28,167 log 22120 37944 Not Found: /.well-known/appspecific/com.chrome.devtools.json
WARNING 2026-02-06 14:51:13,739 log 22120 39200 Not Found: /.well-known/appspecific/com.chrome.devtools.json
WARNING 2026-02-06 14:51:38,568 log 22120 39200 Not Found: /.well-known/appspecific/com.chrome.devtools.json
WARNING 2026-02-06 14:51:57,304 log 22120 39200 Not Found: /.well-known/appspecific/com.chrome.devtools.json
ERROR 2026-02-06 15:00:36,754 log 22120 32136 Internal Server Error: /about/
Traceback (most recent call last):
  File "C:\Users\Diwan\Desktop\Diwan\Programming\Python\Internship\My portfolio\portfolio\Lib\site-packages\django\core\handlers\exception.py", line 55, in inner
    response = get_response(request)
  File "C:\Users\Diwan\Desktop\Diwan\Programming\Python\Internship\My portfolio\portfolio\Lib\site-packages\django\core\handlers\base.py", line 198, in _get_response
    response = wrapped_callback(request, *callback_args, **callback_kwargs)
  File "C:\Users\Diwan\Desktop\Diwan\Programming\Python\Internship\My portfolio\myportfolio\home\views.py", line 83, in about
    return render(request, 'about.html', context)
  File "C:\Users\Diwan\Desktop\Diwan\Programming\Python\Internship\My portfolio\portfolio\Lib\site-packages\django\shortcuts.py", line 25, in render
    content = loader.render_to_string(template_name, context, request, using=using)
  File "C:\Users\Diwan\Desktop\Diwan\Programming\Python\Internship\My portfolio\portfolio\Lib\site-packages\django\template\loader.py", line 61, in render_to_string
    template = get_template(template_name, using=using)
  File "C:\Users\Diwan\Desktop\Diwan\Programming\Python\Internship\My portfolio\portfolio\Lib\site-packages\django\template\loader.py", line 15, in get_template
    return engine.get_template(template_name)
           ~~~~~~~~~~~~~~~~~~~^^^^^^^^^^^^^^^
  File "C:\Users\Diwan\Desktop\Diwan\Programming\Python\Internship\My portfolio\portfolio\Lib\site-packages\django\template\backends\django.py", line 79, in get_template
    return Template(self.engine.get_template(template_name), self)
                    ~~~~~~~~~~~~~~~~~~~~~~~~^^^^^^^^^^^^^^^
  File "C:\Users\Diwan\Desktop\Diwan\Programming\Python\Internship\My portfolio\portfolio\Lib\site-packages\django\template\engine.py", line 186, in get_template
    template, origin = self.find_template(template_name)
                       ~~~~~~~~~~~~~~~~~~^^^^^^^^^^^^^^^
  File "C:\Users\Diwan\Desktop\Diwan\Programming\Python\Internship\My portfolio\portfolio\Lib\site-packages\django\template\engine.py", line 159, in find_template
    template = loader.get_template(name, skip=skip)
  File "C:\Users\Diwan\Desktop\Diwan\Programming\Python\Internship\My portfolio\portfolio\Lib\site-packages\django\template\loaders\cached.py", line 57, in get_template
    template = super().get_template(template_name, skip)
  File "C:\Users\Diwan\Desktop\Diwan\Programming\Python\Internship\My portfolio\portfolio\Lib\site-packages\django\template\loaders\base.py", line 28, in get_template
    return Template(
        contents,
    ...<2 lines>...
        self.engine,
    )
  File "C:\Users\Diwan\Desktop\Diwan\Programming\Python\Internship\My portfolio\portfolio\Lib\site-packages\django\template\base.py", line 157, in __init__
    self.nodelist = self.compile_nodelist()
                    ~~~~~~~~~~~~~~~~~~~~~^^
  File "C:\Users\Diwan\Desktop\Diwan\Programming\Python\Internship\My portfolio\portfolio\Lib\site-packages\django\template\base.py", line 199, in compile_nodelist
    nodelist = parser.parse()
  File "C:\Users\Diwan\Desktop\Diwan\Programming\Python\Internship\My portfolio\portfolio\Lib\site-packages\django\template\base.py", line 585, in parse
    raise self.error(token, e)
  File "C:\Users\Diwan\Desktop\Diwan\Programming\Python\Internship\My portfolio\portfolio\Lib\site-packages\django\template\base.py", line 583, in parse
    compiled_result = compile_func(self, token)
  File "C:\Users\Diwan\Desktop\Diwan\Programming\Python\Internship\My portfolio\portfolio\Lib\site-packages\django\template\loader_tags.py", line 307, in do_extends
    nodelist = parser.parse()
  File "C:\Users\Diwan\Desktop\Diwan\Programming\Python\Internship\My portfolio\portfolio\Lib\site-packages\django\template\base.py", line 585, in parse
    raise self.error(token, e)
  File "C:\Users\Diwan\Desktop\Diwan\Programming\Python\Internship\My portfolio\portfolio\Lib\site-packages\django\template\base.py", line 583, in parse
    compiled_result = compile_func(self, token)
  File "C:\Users\Diwan\Desktop\Diwan\Programming\Python\Internship\My portfolio\portfolio\Lib\site-packages\django\template\loader_tags.py", line 235, in do_block
    nodelist = parser.parse(("endblock",))
  File "C:\Users\Diwan\Desktop\Diwan\Programming\Python\Internship\My portfolio\portfolio\Lib\site-packages\django\template\base.py", line 590, in parse
    self.unclosed_block_tag(parse_until)
    ~~~~~~~~~~~~~~~~~~~~~~~^^^^^^^^^^^^^
  File "C:\Users\Diwan\Desktop\Diwan\Programming\Python\Internship\My portfolio\portfolio\Lib\site-packages\django\template\base.py", line 657, in unclosed_block_tag
    raise self.error(token, msg)
django.template.exceptions.TemplateSyntaxError: Template: C:\Users\Diwan\Desktop\Diwan\Programming\Python\Internship\My portfolio\myportfolio\home\templates\about.html, Unclosed tag on line 6: 'block'. Looking for one of: endblock.
ERROR 2026-02-06 15:00:46,721 log 22120 32136 Internal Server Error: /about/
Traceback (most recent call last):
  File "C:\Users\Diwan\Desktop\Diwan\Programming\Python\Internship\My portfolio\portfolio\Lib\site-packages\django\core\handlers\exception.py", line 55, in inner
    response = get_response(request)
  File "C:\Users\Diwan\Desktop\Diwan\Programming\Python\Internship\My portfolio\portfolio\Lib\site-packages\django\core\handlers\base.py", line 198, in _get_response
    response = wrapped_callback(request, *callback_args, **callback_kwargs)
  File "C:\Users\Diwan\Desktop\Diwan\Programming\Python\Internship\My portfolio\myportfolio\home\views.py", line 83, in about
    return render(request, 'about.html', context)
  File "C:\Users\Diwan\Desktop\Diwan\Programming\Python\Internship\My portfolio\portfolio\Lib\site-packages\django\shortcuts.py", line 25, in render
    content = loader.render_to_string(template_name, context, request, using=using)
  File "C:\Users\Diwan\Desktop\Diwan\Programming\Python\Internship\My portfolio\portfolio\Lib\site-packages\django\template\loader.py", line 61, in render_to_string
    template = get_template(template_name, using=using)
  File "C:\Users\Diwan\Desktop\Diwan\Programming\Python\Internship\My portfolio\portfolio\Lib\site-packages\django\template\loader.py", line 15, in get_template
    return engine.get_template(template_name)
           ~~~~~~~~~~~~~~~~~~~^^^^^^^^^^^^^^^
  File "C:\Users\Diwan\Desktop\Diwan\Programming\Python\Internship\My portfolio\portfolio\Lib\site-packages\django\template\backends\django.py", line 79, in get_template
    return Template(self.engine.get_template(template_name), self)
                    ~~~~~~~~~~~~~~~~~~~~~~~~^^^^^^^^^^^^^^^
  File "C:\Users\Diwan\Desktop\Diwan\Programming\Python\Internship\My portfolio\portfolio\Lib\site-packages\django\template\engine.py", line 186, in get_template
    template, origin = self.find_template(template_name)
                       ~~~~~~~~~~~~~~~~~~^^^^^^^^^^^^^^^
  File "C:\Users\Diwan\Desktop\Diwan\Programming\Python\Internship\My portfolio\portfolio\Lib\site-packages\django\template\engine.py", line 159, in find_template
    template = loader.get_template(name, skip=skip)
  File "C:\Users\Diwan\Desktop\Diwan\Programming\Python\Internship\My portfolio\portfolio\Lib\site-packages\django\template\loaders\cached.py", line 57, in get_template
    template = super().get_template(template_name, skip)
  File "C:\Users\Diwan\Desktop\Diwan\Programming\Python\Internship\My portfolio\portfolio\Lib\site-packages\django\template\loaders\base.py", line 28, in get_template
    return Template(
        contents,
    ...<2 lines>...
        self.engine,
    )
  File "C:\Users\Diwan\Desktop\Diwan\Programming\Python\Internship\My portfolio\portfolio\Lib\site-packages\django\template\base.py", line 157, in __init__
    self.nodelist = self.compile_nodelist()
                    ~~~~~~~~~~~~~~~~~~~~~^^
  File "C:\Users\Diwan\Desktop\Diwan\Programming\Python\Internship\My portfolio\portfolio\Lib\site-packages\django\template\base.py", line 199, in compile_nodelist
    nodelist = parser.parse()
  File "C:\Users\Diwan\Desktop\Diwan\Programming\Python\Internship\My portfolio\portfolio\Lib\site-packages\django\template\base.py", line 585, in parse
    raise self.error(token, e)
  File "C:\Users\Diwan\Desktop\Diwan\Programming\Python\Internship\My portfolio\portfolio\Lib\site-packages\django\template\base.py", line 583, in parse
    compiled_result = compile_func(self, token)
  File "C:\Users\Diwan\Desktop\Diwan\Programming\Python\Internship\My portfolio\portfolio\Lib\site-packages\django\template\loader_tags.py", line 307, in do_extends
    nodelist = parser.parse()
  File "C:\Users\Diwan\Desktop\Diwan\Programming\Python\Internship\My portfolio\portfolio\Lib\site-packages\django\template\base.py", line 585, in parse
    raise self.error(token, e)
  File "C:\Users\Diwan\Desktop\Diwan\Programming\Python\Internship\My portfolio\portfolio\Lib\site-packages\django\template\base.py", line 583, in parse
    compiled_result = compile_func(self, token)
  File "C:\Users\Diwan\Desktop\Diwan\Programming\Python\Internship\My portfolio\portfolio\Lib\site-packages\django\template\loader_tags.py", line 235, in do_block
    nodelist = parser.parse(("endblock",))
  File "C:\Users\Diwan\Desktop\Diwan\Programming\Python\Internship\My portfolio\portfolio\Lib\site-packages\django\template\base.py", line 590, in parse
    self.unclosed_block_tag(parse_until)
    ~~~~~~~~~~~~~~~~~~~~~~~^^^^^^^^^^^^^
  File "C:\Users\Diwan\Desktop\Diwan\Programming\Python\Internship\My portfolio\portfolio\Lib\site-packages\django\template\base.py", line 657, in unclosed_block_tag
    raise self.error(token, msg)
django.template.exceptions.TemplateSyntaxError: Template: C:\Users\Diwan\Desktop\Diwan\Programming\Python\Internship\My portfolio\myportfolio\home\templates\about.html, Unclosed tag on line 6: 'block'. Looking for one of: endblock.
WARNING 2026-02-06 15:00:46,778 log 22120 32136 Not Found: /favicon.ico
ERROR 2026-02-06 15:00:47,344 log 22120 32136 Internal Server Error: /about/
Traceback (most recent call last):
  File "C:\Users\Diwan\Desktop\Diwan\Programming\Python\Internship\My portfolio\portfolio\Lib\site-packages\django\core\handlers\exception.py", line 55, in inner
    response = get_response(request)
  File "C:\Users\Diwan\Desktop\Diwan\Programming\Python\Internship\My portfolio\portfolio\Lib\site-packages\django\core\handlers\base.py", line 198, in _get_response
    response = wrapped_callback(request, *callback_args, **callback_kwargs)
  File "C:\Users\Diwan\Desktop\Diwan\Programming\Python\Internship\My portfolio\myportfolio\home\views.py", line 83, in about
    return render(request, 'about.html', context)
  File "C:\Users\Diwan\Desktop\Diwan\Programming\Python\Internship\My portfolio\portfolio\Lib\site-packages\django\shortcuts.py", line 25, in render
    content = loader.render_to_string(template_name, context, request, using=using)
  File "C:\Users\Diwan\Desktop\Diwan\Programming\Python\Internship\My portfolio\portfolio\Lib\site-packages\django\template\loader.py", line 61, in render_to_string
    template = get_template(template_name, using=using)
  File "C:\Users\Diwan\Desktop\Diwan\Programming\Python\Internship\My portfolio\portfolio\Lib\site-packages\django\template\loader.py", line 15, in get_template
    return engine.get_template(template_name)
           ~~~~~~~~~~~~~~~~~~~^^^^^^^^^^^^^^^
  File "C:\Users\Diwan\Desktop\Diwan\Programming\Python\Internship\My portfolio\portfolio\Lib\site-packages\django\template\backends\django.py", line 79, in get_template
    return Template(self.engine.get_template(template_name), self)
                    ~~~~~~~~~~~~~~~~~~~~~~~~^^^^^^^^^^^^^^^
  File "C:\Users\Diwan\Desktop\Diwan\Programming\Python\Internship\My portfolio\portfolio\Lib\site-packages\django\template\engine.py", line 186, in get_template
    template, origin = self.find_template(template_name)
                       ~~~~~~~~~~~~~~~~~~^^^^^^^^^^^^^^^
  File "C:\Users\Diwan\Desktop\Diwan\Programming\Python\Internship\My portfolio\portfolio\Lib\site-packages\django\template\engine.py", line 159, in find_template
    template = loader.get_template(name, skip=skip)
  File "C:\Users\Diwan\Desktop\Diwan\Programming\Python\Internship\My portfolio\portfolio\Lib\site-packages\django\template\loaders\cached.py", line 57, in get_template
    template = super().get_template(template_name, skip)
  File "C:\Users\Diwan\Desktop\Diwan\Programming\Python\Internship\My portfolio\portfolio\Lib\site-packages\django\template\loaders\base.py", line 28, in get_template
    return Template(
        contents,
    ...<2 lines>...
        self.engine,
    )
  File "C:\Users\Diwan\Desktop\Diwan\Programming\Python\Internship\My portfolio\portfolio\Lib\site-packages\django\template\base.py", line 157, in __init__
    self.nodelist = self.compile_nodelist()
                    ~~~~~~~~~~~~~~~~~~~~~^^
  File "C:\Users\Diwan\Desktop\Diwan\Programming\Python\Internship\My portfolio\portfolio\Lib\site-packages\django\template\base.py", line 199, in compile_nodelist
    nodelist = parser.parse()
  File "C:\Users\Diwan\Desktop\Diwan\Programming\Python\Internship\My portfolio\portfolio\Lib\site-packages\django\template\base.py", line 585, in parse
    raise self.error(token, e)
  File "C:\Users\Diwan\Desktop\Diwan\Programming\Python\Internship\My portfolio\portfolio\Lib\site-packages\django\template\base.py", line 583, in parse
    compiled_result = compile_func(self, token)
  File "C:\Users\Diwan\Desktop\Diwan\Programming\Python\Internship\My portfolio\portfolio\Lib\site-packages\django\template\loader_tags.py", line 307, in do_extends
    nodelist = parser.parse()
  File "C:\Users\Diwan\Desktop\Diwan\Programming\Python\Internship\My portfolio\portfolio\Lib\site-packages\django\template\base.py", line 585, in parse
    raise self.error(token, e)
  File "C:\Users\Diwan\Desktop\Diwan\Programming\Python\Internship\My portfolio\portfolio\Lib\site-packages\django\template\base.py", line 583, in parse
    compiled_result = compile_func(self, token)
  File "C:\Users\Diwan\Desktop\Diwan\Programming\Python\Internship\My portfolio\portfolio\Lib\site-packages\django\template\loader_tags.py", line 235, in do_block
    nodelist = parser.parse(("endblock",))
  File "C:\Users\Diwan\Desktop\Diwan\Programming\Python\Internship\My portfolio\portfolio\Lib\site-packages\django\template\base.py", line 590, in parse
    self.unclosed_block_tag(parse_until)
    ~~~~~~~~~~~~~~~~~~~~~~~^^^^^^^^^^^^^
  File "C:\Users\Diwan\Desktop\Diwan\Programming\Python\Internship\My portfolio\portfolio\Lib\site-packages\django\template\base.py", line 657, in unclosed_block_tag
    raise self.error(token, msg)
django.template.exceptions.TemplateSyntaxError: Template: C:\Users\Diwan\Desktop\Diwan\Programming\Python\Internship\My portfolio\myportfolio\home\templates\about.html, Unclosed tag on line 6: 'block'. Looking for one of: endblock.
WARNING 2026-02-06 15:00:47,401 log 22120 32136 Not Found: /favicon.ico
ERROR 2026-02-06 15:00:47,611 log 22120 32136 Internal Server Error: /about/
Traceback (most recent call last):
  File "C:\Users\Diwan\Desktop\Diwan\Programming\Python\Internship\My portfolio\portfolio\Lib\site-packages\django\core\handlers\exception.py", line 55, in inner
    response = get_response(request)
  File "C:\Users\Diwan\Desktop\Diwan\Programming\Python\Internship\My portfolio\portfolio\Lib\site-packages\django\core\handlers\base.py", line 198, in _get_response
    response = wrapped_callback(request, *callback_args, **callback_kwargs)
  File "C:\Users\Diwan\Desktop\Diwan\Programming\Python\Internship\My portfolio\myportfolio\home\views.py", line 83, in about
    return render(request, 'about.html', context)
  File "C:\Users\Diwan\Desktop\Diwan\Programming\Python\Internship\My portfolio\portfolio\Lib\site-packages\django\shortcuts.py", line 25, in render
    content = loader.render_to_string(template_name, context, request, using=using)
  File "C:\Users\Diwan\Desktop\Diwan\Programming\Python\Internship\My portfolio\portfolio\Lib\site-packages\django\template\loader.py", line 61, in render_to_string
    template = get_template(template_name, using=using)
  File "C:\Users\Diwan\Desktop\Diwan\Programming\Python\Internship\My portfolio\portfolio\Lib\site-packages\django\template\loader.py", line 15, in get_template
    return engine.get_template(template_name)
           ~~~~~~~~~~~~~~~~~~~^^^^^^^^^^^^^^^
  File "C:\Users\Diwan\Desktop\Diwan\Programming\Python\Internship\My portfolio\portfolio\Lib\site-packages\django\template\backends\django.py", line 79, in get_template
    return Template(self.engine.get_template(template_name), self)
                    ~~~~~~~~~~~~~~~~~~~~~~~~^^^^^^^^^^^^^^^
  File "C:\Users\Diwan\Desktop\Diwan\Programming\Python\Internship\My portfolio\portfolio\Lib\site-packages\django\template\engine.py", line 186, in get_template
    template, origin = self.find_template(template_name)
                       ~~~~~~~~~~~~~~~~~~^^^^^^^^^^^^^^^
  File "C:\Users\Diwan\Desktop\Diwan\Programming\Python\Internship\My portfolio\portfolio\Lib\site-packages\django\template\engine.py", line 159, in find_template
    template = loader.get_template(name, skip=skip)
  File "C:\Users\Diwan\Desktop\Diwan\Programming\Python\Internship\My portfolio\portfolio\Lib\site-packages\django\template\loaders\cached.py", line 57, in get_template
    template = super().get_template(template_name, skip)
  File "C:\Users\Diwan\Desktop\Diwan\Programming\Python\Internship\My portfolio\portfolio\Lib\site-packages\django\template\loaders\base.py", line 28, in get_template
    return Template(
        contents,
    ...<2 lines>...
        self.engine,
    )
  File "C:\Users\Diwan\Desktop\Diwan\Programming\Python\Internship\My portfolio\portfolio\Lib\site-packages\django\template\base.py", line 157, in __init__
    self.nodelist = self.compile_nodelist()
                    ~~~~~~~~~~~~~~~~~~~~~^^
  File "C:\Users\Diwan\Desktop\Diwan\Programming\Python\Internship\My portfolio\portfolio\Lib\site-packages\django\template\base.py", line 199, in compile_nodelist
    nodelist = parser.parse()
  File "C:\Users\Diwan\Desktop\Diwan\Programming\Python\Internship\My portfolio\portfolio\Lib\site-packages\django\template\base.py", line 585, in parse
    raise self.error(token, e)
  File "C:\Users\Diwan\Desktop\Diwan\Programming\Python\Internship\My portfolio\portfolio\Lib\site-packages\django\template\base.py", line 583, in parse
    compiled_result = compile_func(self, token)
  File "C:\Users\Diwan\Desktop\Diwan\Programming\Python\Internship\My portfolio\portfolio\Lib\site-packages\django\template\loader_tags.py", line 307, in do_extends
    nodelist = parser.parse()
  File "C:\Users\Diwan\Desktop\Diwan\Programming\Python\Internship\My portfolio\portfolio\Lib\site-packages\django\template\base.py", line 585, in parse
    raise self.error(token, e)
  File "C:\Users\Diwan\Desktop\Diwan\Programming\Python\Internship\My portfolio\portfolio\Lib\site-packages\django\template\base.py", line 583, in parse
    compiled_result = compile_func(self, token)
  File "C:\Users\Diwan\Desktop\Diwan\Programming\Python\Internship\My portfolio\portfolio\Lib\site-packages\django\template\loader_tags.py", line 235, in do_block
    nodelist = parser.parse(("endblock",))
  File "C:\Users\Diwan\Desktop\Diwan\Programming\Python\Internship\My portfolio\portfolio\Lib\site-packages\django\template\base.py", line 590, in parse
    self.unclosed_block_tag(parse_until)
    ~~~~~~~~~~~~~~~~~~~~~~~^^^^^^^^^^^^^
  File "C:\Users\Diwan\Desktop\Diwan\Programming\Python\Internship\My portfolio\portfolio\Lib\site-packages\django\template\base.py", line 657, in unclosed_block_tag
    raise self.error(token, msg)
django.template.exceptions.TemplateSyntaxError: Template: C:\Users\Diwan\Desktop\Diwan\Programming\Python\Internship\My portfolio\myportfolio\home\templates\about.html, Unclosed tag on line 6: 'block'. Looking for one of: endblock.
WARNING 2026-02-06 15:00:47,668 log 22120 32136 Not Found: /favicon.ico
ERROR 2026-02-06 15:00:47,805 log 22120 32136 Internal Server Error: /about/
Traceback (most recent call last):
  File "C:\Users\Diwan\Desktop\Diwan\Programming\Python\Internship\My portfolio\portfolio\Lib\site-packages\django\core\handlers\exception.py", line 55, in inner
    response = get_response(request)
  File "C:\Users\Diwan\Desktop\Diwan\Programming\Python\Internship\My portfolio\portfolio\Lib\site-packages\django\core\handlers\base.py", line 198, in _get_response
    response = wrapped_callback(request, *callback_args, **callback_kwargs)
  File "C:\Users\Diwan\Desktop\Diwan\Programming\Python\Internship\My portfolio\myportfolio\home\views.py", line 83, in about
    return render(request, 'about.html', context)
  File "C:\Users\Diwan\Desktop\Diwan\Programming\Python\Internship\My portfolio\portfolio\Lib\site-packages\django\shortcuts.py", line 25, in render
    content = loader.render_to_string(template_name, context, request, using=using)
  File "C:\Users\Diwan\Desktop\Diwan\Programming\Python\Internship\My portfolio\portfolio\Lib\site-packages\django\template\loader.py", line 61, in render_to_string
    template = get_template(template_name, using=using)
  File "C:\Users\Diwan\Desktop\Diwan\Programming\Python\Internship\My portfolio\portfolio\Lib\site-packages\django\template\loader.py", line 15, in get_template
    return engine.get_template(template_name)
           ~~~~~~~~~~~~~~~~~~~^^^^^^^^^^^^^^^
  File "C:\Users\Diwan\Desktop\Diwan\Programming\Python\Internship\My portfolio\portfolio\Lib\site-packages\django\template\backends\django.py", line 79, in get_template
    return Template(self.engine.get_template(template_name), self)
                    ~~~~~~~~~~~~~~~~~~~~~~~~^^^^^^^^^^^^^^^
  File "C:\Users\Diwan\Desktop\Diwan\Programming\Python\Internship\My portfolio\portfolio\Lib\site-packages\django\template\engine.py", line 186, in get_template
    template, origin = self.find_template(template_name)
                       ~~~~~~~~~~~~~~~~~~^^^^^^^^^^^^^^^
  File "C:\Users\Diwan\Desktop\Diwan\Programming\Python\Internship\My portfolio\portfolio\Lib\site-packages\django\template\engine.py", line 159, in find_template
    template = loader.get_template(name, skip=skip)
  File "C:\Users\Diwan\Desktop\Diwan\Programming\Python\Internship\My portfolio\portfolio\Lib\site-packages\django\template\loaders\cached.py", line 57, in get_template
    template = super().get_template(template_name, skip)
  File "C:\Users\Diwan\Desktop\Diwan\Programming\Python\Internship\My portfolio\portfolio\Lib\site-packages\django\template\loaders\base.py", line 28, in get_template
    return Template(
        contents,
    ...<2 lines>...
        self.engine,
    )
  File "C:\Users\Diwan\Desktop\Diwan\Programming\Python\Internship\My portfolio\portfolio\Lib\site-packages\django\template\base.py", line 157, in __init__
    self.nodelist = self.compile_nodelist()
                    ~~~~~~~~~~~~~~~~~~~~~^^
  File "C:\Users\Diwan\Desktop\Diwan\Programming\Python\Internship\My portfolio\portfolio\Lib\site-packages\django\template\base.py", line 199, in compile_nodelist
    nodelist = parser.parse()
  File "C:\Users\Diwan\Desktop\Diwan\Programming\Python\Internship\My portfolio\portfolio\Lib\site-packages\django\template\base.py", line 585, in parse
    raise self.error(token, e)
  File "C:\Users\Diwan\Desktop\Diwan\Programming\Python\Internship\My portfolio\portfolio\Lib\site-packages\django\template\base.py", line 583, in parse
    compiled_result = compile_func(self, token)
  File "C:\Users\Diwan\Desktop\Diwan\Programming\Python\Internship\My portfolio\portfolio\Lib\site-packages\django\template\loader_tags.py", line 307, in do_extends
    nodelist = parser.parse()
  File "C:\Users\Diwan\Desktop\Diwan\Programming\Python\Internship\My portfolio\portfolio\Lib\site-packages\django\template\base.py", line 585, in parse
    raise self.error(token, e)
  File "C:\Users\Diwan\Desktop\Diwan\Programming\Python\Internship\My portfolio\portfolio\Lib\site-packages\django\template\base.py", line 583, in parse
    compiled_result = compile_func(self, token)
  File "C:\Users\Diwan\Desktop\Diwan\Programming\Python\Internship\My portfolio\portfolio\Lib\site-packages\django\template\loader_tags.py", line 235, in do_block
    nodelist = parser.parse(("endblock",))
  File "C:\Users\Diwan\Desktop\Diwan\Programming\Python\Internship\My portfolio\portfolio\Lib\site-packages\django\template\base.py", line 590, in parse
    self.unclosed_block_tag(parse_until)
    ~~~~~~~~~~~~~~~~~~~~~~~^^^^^^^^^^^^^
  File "C:\Users\Diwan\Desktop\Diwan\Programming\Python\Internship\My portfolio\portfolio\Lib\site-packages\django\template\base.py", line 657, in unclosed_block_tag
    raise self.error(token, msg)
django.template.exceptions.TemplateSyntaxError: Template: C:\Users\Diwan\Desktop\Diwan\Programming\Python\Internship\My portfolio\myportfolio\home\templates\about.html, Unclosed tag on line 6: 'block'. Looking for one of: endblock.
WARNING 2026-02-06 15:00:47,865 log 22120 32136 Not Found: /favicon.ico
ERROR 2026-02-06 15:00:57,353 log 22120 32136 Internal Server Error: /about/
Traceback (most recent call last):
  File "C:\Users\Diwan\Desktop\Diwan\Programming\Python\Internship\My portfolio\portfolio\Lib\site-packages\django\core\handlers\exception.py", line 55, in inner
    response = get_response(request)
  File "C:\Users\Diwan\Desktop\Diwan\Programming\Python\Internship\My portfolio\portfolio\Lib\site-packages\django\core\handlers\base.py", line 198, in _get_response
    response = wrapped_callback(request, *callback_args, **callback_kwargs)
  File "C:\Users\Diwan\Desktop\Diwan\Programming\Python\Internship\My portfolio\myportfolio\home\views.py", line 83, in about
    return render(request, 'about.html', context)
  File "C:\Users\Diwan\Desktop\Diwan\Programming\Python\Internship\My portfolio\portfolio\Lib\site-packages\django\shortcuts.py", line 25, in render
    content = loader.render_to_string(template_name, context, request, using=using)
  File "C:\Users\Diwan\Desktop\Diwan\Programming\Python\Internship\My portfolio\portfolio\Lib\site-packages\django\template\loader.py", line 61, in render_to_string
    template = get_template(template_name, using=using)
  File "C:\Users\Diwan\Desktop\Diwan\Programming\Python\Internship\My portfolio\portfolio\Lib\site-packages\django\template\loader.py", line 15, in get_template
    return engine.get_template(template_name)
           ~~~~~~~~~~~~~~~~~~~^^^^^^^^^^^^^^^
  File "C:\Users\Diwan\Desktop\Diwan\Programming\Python\Internship\My portfolio\portfolio\Lib\site-packages\django\template\backends\django.py", line 79, in get_template
    return Template(self.engine.get_template(template_name), self)
                    ~~~~~~~~~~~~~~~~~~~~~~~~^^^^^^^^^^^^^^^
  File "C:\Users\Diwan\Desktop\Diwan\Programming\Python\Internship\My portfolio\portfolio\Lib\site-packages\django\template\engine.py", line 186, in get_template
    template, origin = self.find_template(template_name)
                       ~~~~~~~~~~~~~~~~~~^^^^^^^^^^^^^^^
  File "C:\Users\Diwan\Desktop\Diwan\Programming\Python\Internship\My portfolio\portfolio\Lib\site-packages\django\template\engine.py", line 159, in find_template
    template = loader.get_template(name, skip=skip)
  File "C:\Users\Diwan\Desktop\Diwan\Programming\Python\Internship\My portfolio\portfolio\Lib\site-packages\django\template\loaders\cached.py", line 57, in get_template
    template = super().get_template(template_name, skip)
  File "C:\Users\Diwan\Desktop\Diwan\Programming\Python\Internship\My portfolio\portfolio\Lib\site-packages\django\template\loaders\base.py", line 28, in get_template
    return Template(
        contents,
    ...<2 lines>...
        self.engine,
    )
  File "C:\Users\Diwan\Desktop\Diwan\Programming\Python\Internship\My portfolio\portfolio\Lib\site-packages\django\template\base.py", line 157, in __init__
    self.nodelist = self.compile_nodelist()
                    ~~~~~~~~~~~~~~~~~~~~~^^
  File "C:\Users\Diwan\Desktop\Diwan\Programming\Python\Internship\My portfolio\portfolio\Lib\site-packages\django\template\base.py", line 199, in compile_nodelist
    nodelist = parser.parse()
  File "C:\Users\Diwan\Desktop\Diwan\Programming\Python\Internship\My portfolio\portfolio\Lib\site-packages\django\template\base.py", line 585, in parse
    raise self.error(token, e)
  File "C:\Users\Diwan\Desktop\Diwan\Programming\Python\Internship\My portfolio\portfolio\Lib\site-packages\django\template\base.py", line 583, in parse
    compiled_result = compile_func(self, token)
  File "C:\Users\Diwan\Desktop\Diwan\Programming\Python\Internship\My portfolio\portfolio\Lib\site-packages\django\template\loader_tags.py", line 307, in do_extends
    nodelist = parser.parse()
  File "C:\Users\Diwan\Desktop\Diwan\Programming\Python\Internship\My portfolio\portfolio\Lib\site-packages\django\template\base.py", line 585, in parse
    raise self.error(token, e)
  File "C:\Users\Diwan\Desktop\Diwan\Programming\Python\Internship\My portfolio\portfolio\Lib\site-packages\django\template\base.py", line 583, in parse
    compiled_result = compile_func(self, token)
  File "C:\Users\Diwan\Desktop\Diwan\Programming\Python\Internship\My portfolio\portfolio\Lib\site-packages\django\template\loader_tags.py", line 235, in do_block
    nodelist = parser.parse(("endblock",))
  File "C:\Users\Diwan\Desktop\Diwan\Programming\Python\Internship\My portfolio\portfolio\Lib\site-packages\django\template\base.py", line 590, in parse
    self.unclosed_block_tag(parse_until)
    ~~~~~~~~~~~~~~~~~~~~~~~^^^^^^^^^^^^^
  File "C:\Users\Diwan\Desktop\Diwan\Programming\Python\Internship\My portfolio\portfolio\Lib\site-packages\django\template\base.py", line 657, in unclosed_block_tag
    raise self.error(token, msg)
django.template.exceptions.TemplateSyntaxError: Template: C:\Users\Diwan\Desktop\Diwan\Programming\Python\Internship\My portfolio\myportfolio\home\templates\about.html, Unclosed tag on line 6: 'block'. Looking for one of: endblock.
ERROR 2026-02-06 15:03:18,273 log 22120 32136 Internal Server Error: /about/
Traceback (most recent call last):
  File "C:\Users\Diwan\Desktop\Diwan\Programming\Python\Internship\My portfolio\portfolio\Lib\site-packages\django\core\handlers\exception.py", line 55, in inner
    response = get_response(request)
  File "C:\Users\Diwan\Desktop\Diwan\Programming\Python\Internship\My portfolio\portfolio\Lib\site-packages\django\core\handlers\base.py", line 198, in _get_response
    response = wrapped_callback(request, *callback_args, **callback_kwargs)
  File "C:\Users\Diwan\Desktop\Diwan\Programming\Python\Internship\My portfolio\myportfolio\home\views.py", line 83, in about
    return render(request, 'about.html', context)
  File "C:\Users\Diwan\Desktop\Diwan\Programming\Python\Internship\My portfolio\portfolio\Lib\site-packages\django\shortcuts.py", line 25, in render
    content = loader.render_to_string(template_name, context, request, using=using)
  File "C:\Users\Diwan\Desktop\Diwan\Programming\Python\Internship\My portfolio\portfolio\Lib\site-packages\django\template\loader.py", line 61, in render_to_string
    template = get_template(template_name, using=using)
  File "C:\Users\Diwan\Desktop\Diwan\Programming\Python\Internship\My portfolio\portfolio\Lib\site-packages\django\template\loader.py", line 15, in get_template
    return engine.get_template(template_name)
           ~~~~~~~~~~~~~~~~~~~^^^^^^^^^^^^^^^
  File "C:\Users\Diwan\Desktop\Diwan\Programming\Python\Internship\My portfolio\portfolio\Lib\site-packages\django\template\backends\django.py", line 79, in get_template
    return Template(self.engine.get_template(template_name), self)
                    ~~~~~~~~~~~~~~~~~~~~~~~~^^^^^^^^^^^^^^^
  File "C:\Users\Diwan\Desktop\Diwan\Programming\Python\Internship\My portfolio\portfolio\Lib\site-packages\django\template\engine.py", line 186, in get_template
    template, origin = self.find_template(template_name)
                       ~~~~~~~~~~~~~~~~~~^^^^^^^^^^^^^^^
  File "C:\Users\Diwan\Desktop\Diwan\Programming\Python\Internship\My portfolio\portfolio\Lib\site-packages\django\template\engine.py", line 159, in find_template
    template = loader.get_template(name, skip=skip)
  File "C:\Users\Diwan\Desktop\Diwan\Programming\Python\Internship\My portfolio\portfolio\Lib\site-packages\django\template\loaders\cached.py", line 57, in get_template
    template = super().get_template(template_name, skip)
  File "C:\Users\Diwan\Desktop\Diwan\Programming\Python\Internship\My portfolio\portfolio\Lib\site-packages\django\template\loaders\base.py", line 28, in get_template
    return Template(
        contents,
    ...<2 lines>...
        self.engine,
    )
  File "C:\Users\Diwan\Desktop\Diwan\Programming\Python\Internship\My portfolio\portfolio\Lib\site-packages\django\template\base.py", line 157, in __init__
    self.nodelist = self.compile_nodelist()
                    ~~~~~~~~~~~~~~~~~~~~~^^
  File "C:\Users\Diwan\Desktop\Diwan\Programming\Python\Internship\My portfolio\portfolio\Lib\site-packages\django\template\base.py", line 199, in compile_nodelist
    nodelist = parser.parse()
  File "C:\Users\Diwan\Desktop\Diwan\Programming\Python\Internship\My portfolio\portfolio\Lib\site-packages\django\template\base.py", line 585, in parse
    raise self.error(token, e)
  File "C:\Users\Diwan\Desktop\Diwan\Programming\Python\Internship\My portfolio\portfolio\Lib\site-packages\django\template\base.py", line 583, in parse
    compiled_result = compile_func(self, token)
  File "C:\Users\Diwan\Desktop\Diwan\Programming\Python\Internship\My portfolio\portfolio\Lib\site-packages\django\template\loader_tags.py", line 307, in do_extends
    nodelist = parser.parse()
  File "C:\Users\Diwan\Desktop\Diwan\Programming\Python\Internship\My portfolio\portfolio\Lib\site-packages\django\template\base.py", line 585, in parse
    raise self.error(token, e)
  File "C:\Users\Diwan\Desktop\Diwan\Programming\Python\Internship\My portfolio\portfolio\Lib\site-packages\django\template\base.py", line 583, in parse
    compiled_result = compile_func(self, token)
  File "C:\Users\Diwan\Desktop\Diwan\Programming\Python\Internship\My portfolio\portfolio\Lib\site-packages\django\template\loader_tags.py", line 235, in do_block
    nodelist = parser.parse(("endblock",))
  File "C:\Users\Diwan\Desktop\Diwan\Programming\Python\Internship\My portfolio\portfolio\Lib\site-packages\django\template\base.py", line 590, in parse
    self.unclosed_block_tag(parse_until)
    ~~~~~~~~~~~~~~~~~~~~~~~^^^^^^^^^^^^^
  File "C:\Users\Diwan\Desktop\Diwan\Programming\Python\Internship\My portfolio\portfolio\Lib\site-packages\django\template\base.py", line 657, in unclosed_block_tag
    raise self.error(token, msg)
django.template.exceptions.TemplateSyntaxError: Template: C:\Users\Diwan\Desktop\Diwan\Programming\Python\Internship\My portfolio\myportfolio\home\templates\about.html, Unclosed tag on line 6: 'block'. Looking for one of: endblock.
ERROR 2026-02-06 15:03:22,123 log 22120 32136 Internal Server Error: /about/
Traceback (most recent call last):
  File "C:\Users\Diwan\Desktop\Diwan\Programming\Python\Internship\My portfolio\portfolio\Lib\site-packages\django\core\handlers\exception.py", line 55, in inner
    response = get_response(request)
  File "C:\Users\Diwan\Desktop\Diwan\Programming\Python\Internship\My portfolio\portfolio\Lib\site-packages\django\core\handlers\base.py", line 198, in _get_response
    response = wrapped_callback(request, *callback_args, **callback_kwargs)
  File "C:\Users\Diwan\Desktop\Diwan\Programming\Python\Internship\My portfolio\myportfolio\home\views.py", line 83, in about
    return render(request, 'about.html', context)
  File "C:\Users\Diwan\Desktop\Diwan\Programming\Python\Internship\My portfolio\portfolio\Lib\site-packages\django\shortcuts.py", line 25, in render
    content = loader.render_to_string(template_name, context, request, using=using)
  File "C:\Users\Diwan\Desktop\Diwan\Programming\Python\Internship\My portfolio\portfolio\Lib\site-packages\django\template\loader.py", line 61, in render_to_string
    template = get_template(template_name, using=using)
  File "C:\Users\Diwan\Desktop\Diwan\Programming\Python\Internship\My portfolio\portfolio\Lib\site-packages\django\template\loader.py", line 15, in get_template
    return engine.get_template(template_name)
           ~~~~~~~~~~~~~~~~~~~^^^^^^^^^^^^^^^
  File "C:\Users\Diwan\Desktop\Diwan\Programming\Python\Internship\My portfolio\portfolio\Lib\site-packages\django\template\backends\django.py", line 79, in get_template
    return Template(self.engine.get_template(template_name), self)
                    ~~~~~~~~~~~~~~~~~~~~~~~~^^^^^^^^^^^^^^^
  File "C:\Users\Diwan\Desktop\Diwan\Programming\Python\Internship\My portfolio\portfolio\Lib\site-packages\django\template\engine.py", line 186, in get_template
    template, origin = self.find_template(template_name)
                       ~~~~~~~~~~~~~~~~~~^^^^^^^^^^^^^^^
  File "C:\Users\Diwan\Desktop\Diwan\Programming\Python\Internship\My portfolio\portfolio\Lib\site-packages\django\template\engine.py", line 159, in find_template
    template = loader.get_template(name, skip=skip)
  File "C:\Users\Diwan\Desktop\Diwan\Programming\Python\Internship\My portfolio\portfolio\Lib\site-packages\django\template\loaders\cached.py", line 57, in get_template
    template = super().get_template(template_name, skip)
  File "C:\Users\Diwan\Desktop\Diwan\Programming\Python\Internship\My portfolio\portfolio\Lib\site-packages\django\template\loaders\base.py", line 28, in get_template
    return Template(
        contents,
    ...<2 lines>...
        self.engine,
    )
  File "C:\Users\Diwan\Desktop\Diwan\Programming\Python\Internship\My portfolio\portfolio\Lib\site-packages\django\template\base.py", line 157, in __init__
    self.nodelist = self.compile_nodelist()
                    ~~~~~~~~~~~~~~~~~~~~~^^
  File "C:\Users\Diwan\Desktop\Diwan\Programming\Python\Internship\My portfolio\portfolio\Lib\site-packages\django\template\base.py", line 199, in compile_nodelist
    nodelist = parser.parse()
  File "C:\Users\Diwan\Desktop\Diwan\Programming\Python\Internship\My portfolio\portfolio\Lib\site-packages\django\template\base.py", line 585, in parse
    raise self.error(token, e)
  File "C:\Users\Diwan\Desktop\Diwan\Programming\Python\Internship\My portfolio\portfolio\Lib\site-packages\django\template\base.py", line 583, in parse
    compiled_result = compile_func(self, token)
  File "C:\Users\Diwan\Desktop\Diwan\Programming\Python\Internship\My portfolio\portfolio\Lib\site-packages\django\template\loader_tags.py", line 307, in do_extends
    nodelist = parser.parse()
  File "C:\Users\Diwan\Desktop\Diwan\Programming\Python\Internship\My portfolio\portfolio\Lib\site-packages\django\template\base.py", line 585, in parse
    raise self.error(token, e)
  File "C:\Users\Diwan\Desktop\Diwan\Programming\Python\Internship\My portfolio\portfolio\Lib\site-packages\django\template\base.py", line 583, in parse
    compiled_result = compile_func(self, token)
  File "C:\Users\Diwan\Desktop\Diwan\Programming\Python\Internship\My portfolio\portfolio\Lib\site-packages\django\template\loader_tags.py", line 235, in do_block
    nodelist = parser.parse(("endblock",))
  File "C:\Users\Diwan\Desktop\Diwan\Programming\Python\Internship\My portfolio\portfolio\Lib\site-packages\django\template\base.py", line 590, in parse
    self.unclosed_block_tag(parse_until)
    ~~~~~~~~~~~~~~~~~~~~~~~^^^^^^^^^^^^^
  File "C:\Users\Diwan\Desktop\Diwan\Programming\Python\Internship\My portfolio\portfolio\Lib\site-packages\django\template\base.py", line 657, in unclosed_block_tag
    raise self.error(token, msg)
django.template.exceptions.TemplateSyntaxError: Template: C:\Users\Diwan\Desktop\Diwan\Programming\Python\Internship\My portfolio\myportfolio\home\templates\about.html, Unclosed tag on line 6: 'block'. Looking for one of: endblock.
INFO 2026-02-06 15:03:32,942 autoreload 36116 32096 Watching for file changes with StatReloader
WARNING 2026-02-06 15:03:37,712 log 36116 29216 Not Found: /favicon.ico
ERROR 2026-02-06 15:03:42,521 log 36116 29216 Internal Server Error: /about/
Traceback (most recent call last):
  File "C:\Users\Diwan\Desktop\Diwan\Programming\Python\Internship\My portfolio\portfolio\Lib\site-packages\django\core\handlers\exception.py", line 55, in inner
    response = get_response(request)
  File "C:\Users\Diwan\Desktop\Diwan\Programming\Python\Internship\My portfolio\portfolio\Lib\site-packages\django\core\handlers\base.py", line 198, in _get_response
    response = wrapped_callback(request, *callback_args, **callback_kwargs)
  File "C:\Users\Diwan\Desktop\Diwan\Programming\Python\Internship\My portfolio\myportfolio\home\views.py", line 83, in about
    return render(request, 'about.html', context)
  File "C:\Users\Diwan\Desktop\Diwan\Programming\Python\Internship\My portfolio\portfolio\Lib\site-packages\django\shortcuts.py", line 25, in render
    content = loader.render_to_string(template_name, context, request, using=using)
  File "C:\Users\Diwan\Desktop\Diwan\Programming\Python\Internship\My portfolio\portfolio\Lib\site-packages\django\template\loader.py", line 61, in render_to_string
    template = get_template(template_name, using=using)
  File "C:\Users\Diwan\Desktop\Diwan\Programming\Python\Internship\My portfolio\portfolio\Lib\site-packages\django\template\loader.py", line 15, in get_template
    return engine.get_template(template_name)
           ~~~~~~~~~~~~~~~~~~~^^^^^^^^^^^^^^^
  File "C:\Users\Diwan\Desktop\Diwan\Programming\Python\Internship\My portfolio\portfolio\Lib\site-packages\django\template\backends\django.py", line 79, in get_template
    return Template(self.engine.get_template(template_name), self)
                    ~~~~~~~~~~~~~~~~~~~~~~~~^^^^^^^^^^^^^^^
  File "C:\Users\Diwan\Desktop\Diwan\Programming\Python\Internship\My portfolio\portfolio\Lib\site-packages\django\template\engine.py", line 186, in get_template
    template, origin = self.find_template(template_name)
                       ~~~~~~~~~~~~~~~~~~^^^^^^^^^^^^^^^
  File "C:\Users\Diwan\Desktop\Diwan\Programming\Python\Internship\My portfolio\portfolio\Lib\site-packages\django\template\engine.py", line 159, in find_template
    template = loader.get_template(name, skip=skip)
  File "C:\Users\Diwan\Desktop\Diwan\Programming\Python\Internship\My portfolio\portfolio\Lib\site-packages\django\template\loaders\cached.py", line 57, in get_template
    template = super().get_template(template_name, skip)
  File "C:\Users\Diwan\Desktop\Diwan\Programming\Python\Internship\My portfolio\portfolio\Lib\site-packages\django\template\loaders\base.py", line 28, in get_template
    return Template(
        contents,
    ...<2 lines>...
        self.engine,
    )
  File "C:\Users\Diwan\Desktop\Diwan\Programming\Python\Internship\My portfolio\portfolio\Lib\site-packages\django\template\base.py", line 157, in __init__
    self.nodelist = self.compile_nodelist()
                    ~~~~~~~~~~~~~~~~~~~~~^^
  File "C:\Users\Diwan\Desktop\Diwan\Programming\Python\Internship\My portfolio\portfolio\Lib\site-packages\django\template\base.py", line 199, in compile_nodelist
    nodelist = parser.parse()
  File "C:\Users\Diwan\Desktop\Diwan\Programming\Python\Internship\My portfolio\portfolio\Lib\site-packages\django\template\base.py", line 585, in parse
    raise self.error(token, e)
  File "C:\Users\Diwan\Desktop\Diwan\Programming\Python\Internship\My portfolio\portfolio\Lib\site-packages\django\template\base.py", line 583, in parse
    compiled_result = compile_func(self, token)
  File "C:\Users\Diwan\Desktop\Diwan\Programming\Python\Internship\My portfolio\portfolio\Lib\site-packages\django\template\loader_tags.py", line 307, in do_extends
    nodelist = parser.parse()
  File "C:\Users\Diwan\Desktop\Diwan\Programming\Python\Internship\My portfolio\portfolio\Lib\site-packages\django\template\base.py", line 585, in parse
    raise self.error(token, e)
  File "C:\Users\Diwan\Desktop\Diwan\Programming\Python\Internship\My portfolio\portfolio\Lib\site-packages\django\template\base.py", line 583, in parse
    compiled_result = compile_func(self, token)
  File "C:\Users\Diwan\Desktop\Diwan\Programming\Python\Internship\My portfolio\portfolio\Lib\site-packages\django\template\loader_tags.py", line 235, in do_block
    nodelist = parser.parse(("endblock",))
  File "C:\Users\Diwan\Desktop\Diwan\Programming\Python\Internship\My portfolio\portfolio\Lib\site-packages\django\template\base.py", line 590, in parse
    self.unclosed_block_tag(parse_until)
    ~~~~~~~~~~~~~~~~~~~~~~~^^^^^^^^^^^^^
  File "C:\Users\Diwan\Desktop\Diwan\Programming\Python\Internship\My portfolio\portfolio\Lib\site-packages\django\template\base.py", line 657, in unclosed_block_tag
    raise self.error(token, msg)
django.template.exceptions.TemplateSyntaxError: Template: C:\Users\Diwan\Desktop\Diwan\Programming\Python\Internship\My portfolio\myportfolio\home\templates\about.html, Unclosed tag on line 6: 'block'. Looking for one of: endblock.
INFO 2026-02-06 15:08:41,012 autoreload 36116 32096 C:\Users\Diwan\Desktop\Diwan\Programming\Python\Internship\My portfolio\myportfolio\home\models.py changed, reloading.
INFO 2026-02-06 15:08:41,670 autoreload 17756 10040 Watching for file changes with StatReloader
INFO 2026-02-06 15:08:51,040 autoreload 17756 10040 C:\Users\Diwan\Desktop\Diwan\Programming\Python\Internship\My portfolio\myportfolio\home\admin.py changed, reloading.
INFO 2026-02-06 15:08:51,708 autoreload 27728 18468 Watching for file changes with StatReloader
INFO 2026-02-06 15:08:54,999 autoreload 27728 18468 C:\Users\Diwan\Desktop\Diwan\Programming\Python\Internship\My portfolio\myportfolio\home\views.py changed, reloading.
INFO 2026-02-06 15:08:55,649 autoreload 5468 37084 Watching for file changes with StatReloader
INFO 2026-02-06 15:08:58,968 autoreload 5468 37084 C:\Users\Diwan\Desktop\Diwan\Programming\Python\Internship\My portfolio\myportfolio\home\views.py changed, reloading.
INFO 2026-02-06 15:08:59,680 autoreload 38068 19508 Watching for file changes with StatReloader
ERROR 2026-02-06 15:09:44,338 log 38068 16732 Internal Server Error: /about/
Traceback (most recent call last):
  File "C:\Users\Diwan\Desktop\Diwan\Programming\Python\Internship\My portfolio\portfolio\Lib\site-packages\django\db\backends\utils.py", line 105, in _execute
    return self.cursor.execute(sql, params)
           ~~~~~~~~~~~~~~~~~~~^^^^^^^^^^^^^
  File "C:\Users\Diwan\Desktop\Diwan\Programming\Python\Internship\My portfolio\portfolio\Lib\site-packages\django\db\backends\sqlite3\base.py", line 359, in execute
    return super().execute(query, params)
           ~~~~~~~~~~~~~~~^^^^^^^^^^^^^^^
sqlite3.OperationalError: no such table: home_about

The above exception was the direct cause of the following exception:

Traceback (most recent call last):
  File "C:\Users\Diwan\Desktop\Diwan\Programming\Python\Internship\My portfolio\portfolio\Lib\site-packages\django\core\handlers\exception.py", line 55, in inner
    response = get_response(request)
  File "C:\Users\Diwan\Desktop\Diwan\Programming\Python\Internship\My portfolio\portfolio\Lib\site-packages\django\core\handlers\base.py", line 198, in _get_response
    response = wrapped_callback(request, *callback_args, **callback_kwargs)
  File "C:\Users\Diwan\Desktop\Diwan\Programming\Python\Internship\My portfolio\myportfolio\home\views.py", line 82, in about
    about_data = About.objects.filter(is_active=True).first()
  File "C:\Users\Diwan\Desktop\Diwan\Programming\Python\Internship\My portfolio\portfolio\Lib\site-packages\django\db\models\query.py", line 1145, in first
    for obj in queryset[:1]:
               ~~~~~~~~^^^^
  File "C:\Users\Diwan\Desktop\Diwan\Programming\Python\Internship\My portfolio\portfolio\Lib\site-packages\django\db\models\query.py", line 390, in __iter__
    self._fetch_all()
    ~~~~~~~~~~~~~~~^^
  File "C:\Users\Diwan\Desktop\Diwan\Programming\Python\Internship\My portfolio\portfolio\Lib\site-packages\django\db\models\query.py", line 2000, in _fetch_all
    self._result_cache = list(self._iterable_class(self))
                         ~~~~^^^^^^^^^^^^^^^^^^^^^^^^^^^^
  File "C:\Users\Diwan\Desktop\Diwan\Programming\Python\Internship\My portfolio\portfolio\Lib\site-packages\django\db\models\query.py", line 95, in __iter__
    results = compiler.execute_sql(
        chunked_fetch=self.chunked_fetch, chunk_size=self.chunk_size
    )
  File "C:\Users\Diwan\Desktop\Diwan\Programming\Python\Internship\My portfolio\portfolio\Lib\site-packages\django\db\models\sql\compiler.py", line 1624, in execute_sql
    cursor.execute(sql, params)
    ~~~~~~~~~~~~~~^^^^^^^^^^^^^
  File "C:\Users\Diwan\Desktop\Diwan\Programming\Python\Internship\My portfolio\portfolio\Lib\site-packages\django\db\backends\utils.py", line 122, in execute
    return super().execute(sql, params)
           ~~~~~~~~~~~~~~~^^^^^^^^^^^^^
  File "C:\Users\Diwan\Desktop\Diwan\Programming\Python\Internship\My portfolio\portfolio\Lib\site-packages\django\db\backends\utils.py", line 79, in execute
    return self._execute_with_wrappers(
           ~~~~~~~~~~~~~~~~~~~~~~~~~~~^
        sql, params, many=False, executor=self._execute
        ^^^^^^^^^^^^^^^^^^^^^^^^^^^^^^^^^^^^^^^^^^^^^^^
    )
    ^
  File "C:\Users\Diwan\Desktop\Diwan\Programming\Python\Internship\My portfolio\portfolio\Lib\site-packages\django\db\backends\utils.py", line 92, in _execute_with_wrappers
    return executor(sql, params, many, context)
  File "C:\Users\Diwan\Desktop\Diwan\Programming\Python\Internship\My portfolio\portfolio\Lib\site-packages\django\db\backends\utils.py", line 100, in _execute
    with self.db.wrap_database_errors:
         ^^^^^^^^^^^^^^^^^^^^^^^^^^^^
  File "C:\Users\Diwan\Desktop\Diwan\Programming\Python\Internship\My portfolio\portfolio\Lib\site-packages\django\db\utils.py", line 94, in __exit__
    raise dj_exc_value.with_traceback(traceback) from exc_value
  File "C:\Users\Diwan\Desktop\Diwan\Programming\Python\Internship\My portfolio\portfolio\Lib\site-packages\django\db\backends\utils.py", line 105, in _execute
    return self.cursor.execute(sql, params)
           ~~~~~~~~~~~~~~~~~~~^^^^^^^^^^^^^
  File "C:\Users\Diwan\Desktop\Diwan\Programming\Python\Internship\My portfolio\portfolio\Lib\site-packages\django\db\backends\sqlite3\base.py", line 359, in execute
    return super().execute(query, params)
           ~~~~~~~~~~~~~~~^^^^^^^^^^^^^^^
django.db.utils.OperationalError: no such table: home_about
INFO 2026-02-06 15:10:14,123 autoreload 38068 19508 C:\Users\Diwan\Desktop\Diwan\Programming\Python\Internship\My portfolio\myportfolio\home\admin.py changed, reloading.
INFO 2026-02-06 15:10:14,813 autoreload 33772 31188 Watching for file changes with StatReloader
WARNING 2026-02-06 15:50:55,871 log 33772 6952 Not Found: /.well-known/appspecific/com.chrome.devtools.json
WARNING 2026-02-06 15:52:41,018 log 33772 6952 Not Found: /.well-known/appspecific/com.chrome.devtools.json
WARNING 2026-02-06 15:52:42,494 log 33772 6952 Not Found: /.well-known/appspecific/com.chrome.devtools.json
WARNING 2026-02-06 15:52:43,565 log 33772 6952 Not Found: /.well-known/appspecific/com.chrome.devtools.json
WARNING 2026-02-06 15:52:44,848 log 33772 6952 Not Found: /.well-known/appspecific/com.chrome.devtools.json
WARNING 2026-02-06 15:52:44,862 log 33772 6952 Not Found: /.well-known/appspecific/com.chrome.devtools.json
WARNING 2026-02-06 15:52:45,815 log 33772 6952 Not Found: /.well-known/appspecific/com.chrome.devtools.json
WARNING 2026-02-06 15:52:45,826 log 33772 6952 Not Found: /.well-known/appspecific/com.chrome.devtools.json
WARNING 2026-02-06 15:53:29,066 log 33772 26632 Not Found: /.well-known/appspecific/com.chrome.devtools.json
WARNING 2026-02-06 15:54:39,427 log 33772 26632 Not Found: /.well-known/appspecific/com.chrome.devtools.json
WARNING 2026-02-06 15:54:40,203 log 33772 26632 Not Found: /.well-known/appspecific/com.chrome.devtools.json
WARNING 2026-02-06 15:54:40,404 log 33772 21468 Not Found: /.well-known/appspecific/com.chrome.devtools.json
WARNING 2026-02-06 15:54:40,624 log 33772 21468 Not Found: /.well-known/appspecific/com.chrome.devtools.json
WARNING 2026-02-06 15:55:38,179 log 33772 21468 Not Found: /.well-known/appspecific/com.chrome.devtools.json
WARNING 2026-02-06 15:55:43,291 log 33772 22196 Not Found: /.well-known/appspecific/com.chrome.devtools.json
WARNING 2026-02-06 15:55:43,300 log 33772 22196 Not Found: /.well-known/appspecific/com.chrome.devtools.json
WARNING 2026-02-06 15:55:44,319 log 33772 22196 Not Found: /.well-known/appspecific/com.chrome.devtools.json
WARNING 2026-02-06 15:55:44,328 log 33772 22196 Not Found: /.well-known/appspecific/com.chrome.devtools.json
WARNING 2026-02-06 15:58:02,201 log 33772 22196 Not Found: /.well-known/appspecific/com.chrome.devtools.json
WARNING 2026-02-06 15:58:16,135 log 33772 18396 Not Found: /.well-known/appspecific/com.chrome.devtools.json
WARNING 2026-02-06 15:58:17,029 log 33772 18396 Not Found: /.well-known/appspecific/com.chrome.devtools.json
WARNING 2026-02-06 16:03:47,817 log 33772 4092 Not Found: /.well-known/appspecific/com.chrome.devtools.json
WARNING 2026-02-06 16:03:49,039 log 33772 548 Not Found: /.well-known/appspecific/com.chrome.devtools.json
WARNING 2026-02-06 16:06:26,031 log 33772 24304 Not Found: /about/images/Diwan2.jpeg
WARNING 2026-02-06 16:06:28,381 log 33772 24304 Not Found: /about/images/Diwan2.jpeg
ERROR 2026-02-06 16:07:07,143 log 33772 24304 Internal Server Error: /about/
Traceback (most recent call last):
  File "C:\Users\Diwan\Desktop\Diwan\Programming\Python\Internship\My portfolio\portfolio\Lib\site-packages\django\template\base.py", line 577, in parse
    compile_func = self.tags[command]
                   ~~~~~~~~~^^^^^^^^^
KeyError: 'static1'

During handling of the above exception, another exception occurred:

Traceback (most recent call last):
  File "C:\Users\Diwan\Desktop\Diwan\Programming\Python\Internship\My portfolio\portfolio\Lib\site-packages\django\core\handlers\exception.py", line 55, in inner
    response = get_response(request)
  File "C:\Users\Diwan\Desktop\Diwan\Programming\Python\Internship\My portfolio\portfolio\Lib\site-packages\django\core\handlers\base.py", line 198, in _get_response
    response = wrapped_callback(request, *callback_args, **callback_kwargs)
  File "C:\Users\Diwan\Desktop\Diwan\Programming\Python\Internship\My portfolio\myportfolio\home\views.py", line 89, in about
    return render(request, 'about.html', context)
  File "C:\Users\Diwan\Desktop\Diwan\Programming\Python\Internship\My portfolio\portfolio\Lib\site-packages\django\shortcuts.py", line 25, in render
    content = loader.render_to_string(template_name, context, request, using=using)
  File "C:\Users\Diwan\Desktop\Diwan\Programming\Python\Internship\My portfolio\portfolio\Lib\site-packages\django\template\loader.py", line 61, in render_to_string
    template = get_template(template_name, using=using)
  File "C:\Users\Diwan\Desktop\Diwan\Programming\Python\Internship\My portfolio\portfolio\Lib\site-packages\django\template\loader.py", line 15, in get_template
    return engine.get_template(template_name)
           ~~~~~~~~~~~~~~~~~~~^^^^^^^^^^^^^^^
  File "C:\Users\Diwan\Desktop\Diwan\Programming\Python\Internship\My portfolio\portfolio\Lib\site-packages\django\template\backends\django.py", line 79, in get_template
    return Template(self.engine.get_template(template_name), self)
                    ~~~~~~~~~~~~~~~~~~~~~~~~^^^^^^^^^^^^^^^
  File "C:\Users\Diwan\Desktop\Diwan\Programming\Python\Internship\My portfolio\portfolio\Lib\site-packages\django\template\engine.py", line 186, in get_template
    template, origin = self.find_template(template_name)
                       ~~~~~~~~~~~~~~~~~~^^^^^^^^^^^^^^^
  File "C:\Users\Diwan\Desktop\Diwan\Programming\Python\Internship\My portfolio\portfolio\Lib\site-packages\django\template\engine.py", line 159, in find_template
    template = loader.get_template(name, skip=skip)
  File "C:\Users\Diwan\Desktop\Diwan\Programming\Python\Internship\My portfolio\portfolio\Lib\site-packages\django\template\loaders\cached.py", line 57, in get_template
    template = super().get_template(template_name, skip)
  File "C:\Users\Diwan\Desktop\Diwan\Programming\Python\Internship\My portfolio\portfolio\Lib\site-packages\django\template\loaders\base.py", line 28, in get_template
    return Template(
        contents,
    ...<2 lines>...
        self.engine,
    )
  File "C:\Users\Diwan\Desktop\Diwan\Programming\Python\Internship\My portfolio\portfolio\Lib\site-packages\django\template\base.py", line 157, in __init__
    self.nodelist = self.compile_nodelist()
                    ~~~~~~~~~~~~~~~~~~~~~^^
  File "C:\Users\Diwan\Desktop\Diwan\Programming\Python\Internship\My portfolio\portfolio\Lib\site-packages\django\template\base.py", line 199, in compile_nodelist
    nodelist = parser.parse()
  File "C:\Users\Diwan\Desktop\Diwan\Programming\Python\Internship\My portfolio\portfolio\Lib\site-packages\django\template\base.py", line 585, in parse
    raise self.error(token, e)
  File "C:\Users\Diwan\Desktop\Diwan\Programming\Python\Internship\My portfolio\portfolio\Lib\site-packages\django\template\base.py", line 583, in parse
    compiled_result = compile_func(self, token)
  File "C:\Users\Diwan\Desktop\Diwan\Programming\Python\Internship\My portfolio\portfolio\Lib\site-packages\django\template\loader_tags.py", line 307, in do_extends
    nodelist = parser.parse()
  File "C:\Users\Diwan\Desktop\Diwan\Programming\Python\Internship\My portfolio\portfolio\Lib\site-packages\django\template\base.py", line 585, in parse
    raise self.error(token, e)
  File "C:\Users\Diwan\Desktop\Diwan\Programming\Python\Internship\My portfolio\portfolio\Lib\site-packages\django\template\base.py", line 583, in parse
    compiled_result = compile_func(self, token)
  File "C:\Users\Diwan\Desktop\Diwan\Programming\Python\Internship\My portfolio\portfolio\Lib\site-packages\django\template\loader_tags.py", line 235, in do_block
    nodelist = parser.parse(("endblock",))
  File "C:\Users\Diwan\Desktop\Diwan\Programming\Python\Internship\My portfolio\portfolio\Lib\site-packages\django\template\base.py", line 579, in parse
    self.invalid_block_tag(token, command, parse_until)
    ~~~~~~~~~~~~~~~~~~~~~~^^^^^^^^^^^^^^^^^^^^^^^^^^^^^
  File "C:\Users\Diwan\Desktop\Diwan\Programming\Python\Internship\My portfolio\portfolio\Lib\site-packages\django\template\base.py", line 634, in invalid_block_tag
    raise self.error(
    ...<8 lines>...
    )
django.template.exceptions.TemplateSyntaxError: Template: C:\Users\Diwan\Desktop\Diwan\Programming\Python\Internship\My portfolio\myportfolio\home\templates\about.html, Invalid block tag on line 31: 'static1', expected 'endblock'. Did you forget to register or load this tag?
INFO 2026-02-06 16:17:46,702 autoreload 25628 12892 Watching for file changes with StatReloader
INFO 2026-02-06 16:18:00,069 autoreload 7200 21136 Watching for file changes with StatReloader
INFO 2026-02-06 16:19:51,786 autoreload 7200 21136 C:\Users\Diwan\Desktop\Diwan\Programming\Python\Internship\My portfolio\myportfolio\myportfolio\settings.py changed, reloading.
INFO 2026-02-06 16:19:52,572 autoreload 20640 34408 Watching for file changes with StatReloader
INFO 2026-02-06 16:19:56,848 autoreload 20640 34408 C:\Users\Diwan\Desktop\Diwan\Programming\Python\Internship\My portfolio\myportfolio\myportfolio\settings.py changed, reloading.
INFO 2026-02-06 16:19:57,567 autoreload 13832 3020 Watching for file changes with StatReloader
WARNING 2026-02-06 16:22:37,588 log 13832 7200 Not Found: /.well-known/appspecific/com.chrome.devtools.json
WARNING 2026-02-06 16:25:45,040 log 13832 7200 Not Found: /.well-known/appspecific/com.chrome.devtools.json
INFO 2026-02-06 17:03:28,491 autoreload 36428 13028 Watching for file changes with StatReloader
WARNING 2026-02-06 17:03:31,725 log 36428 29340 Not Found: /favicon.ico
INFO 2026-02-06 21:04:24,190 autoreload 15380 22704 Watching for file changes with StatReloader
WARNING 2026-02-06 21:04:29,663 log 15380 29096 Not Found: /favicon.ico
INFO 2026-02-06 21:04:58,833 views 15380 29096 Resume downloaded by 127.0.0.1
WARNING 2026-02-06 21:09:46,590 log 15380 5288 Not Found: /favicon.ico
INFO 2026-02-07 20:34:58,884 autoreload 42004 40400 Watching for file changes with StatReloader
WARNING 2026-02-07 20:35:05,384 log 42004 20812 Not Found: /favicon.ico
WARNING 2026-02-07 20:35:20,681 log 42004 15740 Not Found: /favicon.ico
WARNING 2026-02-07 20:46:30,046 log 42004 13524 Not Found: /.well-known/appspecific/com.chrome.devtools.json
WARNING 2026-02-07 22:15:22,437 log 42004 41480 Not Found: /.well-known/appspecific/com.chrome.devtools.json
WARNING 2026-02-07 22:20:24,893 log 42004 8132 Not Found: /favicon.ico
INFO 2026-02-07 22:20:37,270 autoreload 34976 11212 Watching for file changes with StatReloader
WARNING 2026-02-07 23:26:01,653 log 34976 42460 Not Found: /.well-known/appspecific/com.chrome.devtools.json
WARNING 2026-02-07 23:26:31,227 log 34976 39072 Not Found: /.well-known/appspecific/com.chrome.devtools.json
WARNING 2026-02-07 23:28:31,694 log 34976 39072 Not Found: /.well-known/appspecific/com.chrome.devtools.json
WARNING 2026-02-07 23:35:52,127 log 34976 39072 Not Found: /.well-known/appspecific/com.chrome.devtools.json
WARNING 2026-02-07 23:37:18,733 log 34976 39072 Not Found: /.well-known/appspecific/com.chrome.devtools.json
WARNING 2026-02-07 23:37:19,334 log 34976 39072 Not Found: /.well-known/appspecific/com.chrome.devtools.json
WARNING 2026-02-07 23:37:19,514 log 34976 39072 Not Found: /.well-known/appspecific/com.chrome.devtools.json
WARNING 2026-02-07 23:37:19,687 log 34976 39072 Not Found: /.well-known/appspecific/com.chrome.devtools.json
WARNING 2026-02-07 23:37:19,860 log 34976 39072 Not Found: /.well-known/appspecific/com.chrome.devtools.json
WARNING 2026-02-07 23:37:24,301 log 34976 39072 Not Found: /.well-known/appspecific/com.chrome.devtools.json
WARNING 2026-02-07 23:38:10,111 log 34976 39072 Not Found: /.well-known/appspecific/com.chrome.devtools.json
WARNING 2026-02-07 23:40:46,407 log 34976 39072 Not Found: /.well-known/appspecific/com.chrome.devtools.json
WARNING 2026-02-07 23:42:30,150 log 34976 39072 Not Found: /.well-known/appspecific/com.chrome.devtools.json
WARNING 2026-02-07 23:43:22,192 log 34976 39072 Not Found: /.well-known/appspecific/com.chrome.devtools.json
WARNING 2026-02-07 23:44:13,216 log 34976 39072 Not Found: /.well-known/appspecific/com.chrome.devtools.json
WARNING 2026-02-07 23:58:33,927 log 34976 32656 Not Found: /.well-known/appspecific/com.chrome.devtools.json
WARNING 2026-02-07 23:58:58,814 log 34976 32656 Not Found: /.well-known/appspecific/com.chrome.devtools.json
WARNING 2026-02-07 23:59:00,096 log 34976 32656 Not Found: /.well-known/appspecific/com.chrome.devtools.json
WARNING 2026-02-08 00:00:04,327 log 34976 32656 Not Found: /.well-known/appspecific/com.chrome.devtools.json
WARNING 2026-02-08 00:00:20,755 log 34976 32656 Not Found: /.well-known/appspecific/com.chrome.devtools.json
WARNING 2026-02-08 00:00:55,383 log 34976 32656 Not Found: /.well-known/appspecific/com.chrome.devtools.json
WARNING 2026-02-08 00:00:59,091 log 34976 32656 Not Found: /.well-known/appspecific/com.chrome.devtools.json
WARNING 2026-02-08 00:00:59,606 log 34976 32656 Not Found: /.well-known/appspecific/com.chrome.devtools.json
WARNING 2026-02-08 00:00:59,997 log 34976 32656 Not Found: /.well-known/appspecific/com.chrome.devtools.json
WARNING 2026-02-08 00:01:02,585 log 34976 32656 Not Found: /.well-known/appspecific/com.chrome.devtools.json
WARNING 2026-02-08 00:02:00,058 log 34976 32656 Not Found: /.well-known/appspecific/com.chrome.devtools.json
WARNING 2026-02-08 00:03:14,590 log 34976 32656 Not Found: /.well-known/appspecific/com.chrome.devtools.json
WARNING 2026-02-08 00:03:18,320 log 34976 32656 Not Found: /.well-known/appspecific/com.chrome.devtools.json
WARNING 2026-02-08 00:07:09,602 log 34976 32656 Not Found: /.well-known/appspecific/com.chrome.devtools.json
WARNING 2026-02-08 00:16:44,459 log 34976 32656 Not Found: /.well-known/appspecific/com.chrome.devtools.json
WARNING 2026-02-08 00:19:34,591 log 34976 32656 Not Found: /.well-known/appspecific/com.chrome.devtools.json
WARNING 2026-02-08 00:20:07,423 log 34976 32656 Not Found: /.well-known/appspecific/com.chrome.devtools.json
WARNING 2026-02-08 00:21:50,592 log 34976 32656 Not Found: /.well-known/appspecific/com.chrome.devtools.json
WARNING 2026-02-08 00:21:52,406 log 34976 32656 Not Found: /.well-known/appspecific/com.chrome.devtools.json
WARNING 2026-02-08 00:21:55,740 log 34976 32656 Not Found: /.well-known/appspecific/com.chrome.devtools.json
WARNING 2026-02-08 00:23:02,173 log 34976 32656 Not Found: /.well-known/appspecific/com.chrome.devtools.json
WARNING 2026-02-08 00:23:02,561 log 34976 32656 Not Found: /.well-known/appspecific/com.chrome.devtools.json
WARNING 2026-02-08 00:23:02,756 log 34976 32656 Not Found: /.well-known/appspecific/com.chrome.devtools.json
WARNING 2026-02-08 00:27:51,603 log 34976 39060 Not Found: /.well-known/appspecific/com.chrome.devtools.json
WARNING 2026-02-08 00:32:24,897 log 34976 39060 Not Found: /.well-known/appspecific/com.chrome.devtools.json
WARNING 2026-02-08 00:32:59,147 log 34976 39060 Not Found: /.well-known/appspecific/com.chrome.devtools.json
WARNING 2026-02-08 00:35:29,971 log 34976 3408 Not Found: /.well-known/appspecific/com.chrome.devtools.json
WARNING 2026-02-08 00:36:28,210 log 34976 3408 Not Found: /.well-known/appspecific/com.chrome.devtools.json
WARNING 2026-02-08 00:37:59,925 log 34976 39060 Not Found: /.well-known/appspecific/com.chrome.devtools.json
WARNING 2026-02-08 00:40:59,630 log 34976 3408 Not Found: /.well-known/appspecific/com.chrome.devtools.json
WARNING 2026-02-08 00:41:24,033 log 34976 3408 Not Found: /.well-known/appspecific/com.chrome.devtools.json
WARNING 2026-02-08 00:41:24,561 log 34976 3408 Not Found: /.well-known/appspecific/com.chrome.devtools.json
WARNING 2026-02-08 00:41:24,724 log 34976 3408 Not Found: /.well-known/appspecific/com.chrome.devtools.json
WARNING 2026-02-08 00:42:42,811 log 34976 39060 Not Found: /.well-known/appspecific/com.chrome.devtools.json
WARNING 2026-02-08 00:43:08,715 log 34976 39060 Not Found: /.well-known/appspecific/com.chrome.devtools.json
WARNING 2026-02-08 00:43:12,132 log 34976 39060 Not Found: /.well-known/appspecific/com.chrome.devtools.json
WARNING 2026-02-08 00:43:17,476 log 34976 39060 Not Found: /.well-known/appspecific/com.chrome.devtools.json
WARNING 2026-02-08 00:43:19,372 log 34976 39060 Not Found: /.well-known/appspecific/com.chrome.devtools.json
WARNING 2026-02-08 00:43:20,459 log 34976 39060 Not Found: /.well-known/appspecific/com.chrome.devtools.json
WARNING 2026-02-08 00:43:45,959 log 34976 39060 Not Found: /.well-known/appspecific/com.chrome.devtools.json
WARNING 2026-02-08 00:58:00,759 log 34976 44684 Not Found: /.well-known/appspecific/com.chrome.devtools.json
WARNING 2026-02-08 00:59:25,999 log 34976 44684 Not Found: /.well-known/appspecific/com.chrome.devtools.json
WARNING 2026-02-08 00:59:26,667 log 34976 4060 Not Found: /.well-known/appspecific/com.chrome.devtools.json
WARNING 2026-02-08 00:59:26,886 log 34976 4060 Not Found: /.well-known/appspecific/com.chrome.devtools.json
WARNING 2026-02-08 00:59:27,090 log 34976 4060 Not Found: /.well-known/appspecific/com.chrome.devtools.json
WARNING 2026-02-08 00:59:55,391 log 34976 4060 Not Found: /.well-known/appspecific/com.chrome.devtools.json
WARNING 2026-02-08 01:02:20,466 log 34976 44684 Not Found: /.well-known/appspecific/com.chrome.devtools.json
WARNING 2026-02-08 01:02:24,626 log 34976 44684 Not Found: /.well-known/appspecific/com.chrome.devtools.json
WARNING 2026-02-08 01:02:26,530 log 34976 44684 Not Found: /.well-known/appspecific/com.chrome.devtools.json
WARNING 2026-02-08 01:02:28,257 log 34976 44684 Not Found: /.well-known/appspecific/com.chrome.devtools.json
WARNING 2026-02-08 01:02:28,958 log 34976 4060 Not Found: /.well-known/appspecific/com.chrome.devtools.json
WARNING 2026-02-08 01:02:29,990 log 34976 4060 Not Found: /.well-known/appspecific/com.chrome.devtools.json
WARNING 2026-02-08 01:03:26,102 log 34976 44684 Not Found: /.well-known/appspecific/com.chrome.devtools.json
WARNING 2026-02-08 01:03:26,541 log 34976 4060 Not Found: /.well-known/appspecific/com.chrome.devtools.json
ERROR 2026-02-08 01:09:47,459 views 34976 4060 Email error: (535, b'5.7.8 Username and Password not accepted. For more information, go to\n5.7.8  https://support.google.com/mail/?p=BadCredentials d9443c01a7336-2aad371919csm14790395ad.62 - gsmtp')
INFO 2026-02-08 01:13:37,145 views 34976 4060 Resume downloaded by 127.0.0.1
INFO 2026-02-08 01:14:35,410 views 34976 4060 Resume downloaded by 127.0.0.1
INFO 2026-02-08 01:36:51,690 views 34976 44740 Resume downloaded by 127.0.0.1
INFO 2026-02-08 12:14:29,104 autoreload 8864 38668 Watching for file changes with StatReloader
WARNING 2026-02-08 12:14:31,947 log 8864 42240 Not Found: /favicon.ico
WARNING 2026-02-08 12:23:37,897 log 8864 43524 Not Found: /favicon.ico
INFO 2026-02-08 12:40:13,086 autoreload 8864 38668 C:\Users\Diwan\Desktop\Diwan\Programming\Python\Internship\My portfolio\myportfolio\myportfolio\wsgi.py changed, reloading.
INFO 2026-02-08 12:40:14,710 autoreload 31400 9240 Watching for file changes with StatReloader
INFO 2026-02-08 14:08:02,463 autoreload 49324 40136 Watching for file changes with StatReloader
INFO 2026-02-08 15:43:29,561 autoreload 40516 40164 Watching for file changes with StatReloader
WARNING 2026-02-08 15:43:33,934 log 40516 46620 Not Found: /favicon.ico
INFO 2026-02-08 15:54:27,854 autoreload 40516 40164 C:\Users\Diwan\Desktop\Diwan\Programming\Python\Internship\My portfolio\myportfolio\myportfolio\settings.py changed, reloading.
INFO 2026-02-08 15:54:29,966 autoreload 46620 46400 Watching for file changes with StatReloader
INFO 2026-02-08 15:54:31,664 autoreload 46620 46400 C:\Users\Diwan\Desktop\Diwan\Programming\Python\Internship\My portfolio\myportfolio\myportfolio\settings.py changed, reloading.
INFO 2026-02-08 15:54:33,327 autoreload 42180 46924 Watching for file changes with StatReloader
INFO 2026-02-08 15:54:34,841 autoreload 42180 46924 C:\Users\Diwan\Desktop\Diwan\Programming\Python\Internship\My portfolio\myportfolio\myportfolio\settings.py changed, reloading.
INFO 2026-02-08 15:54:36,405 autoreload 35392 25372 Watching for file changes with StatReloader
INFO 2026-02-08 15:55:08,588 autoreload 35392 25372 C:\Users\Diwan\Desktop\Diwan\Programming\Python\Internship\My portfolio\myportfolio\myportfolio\settings.py changed, reloading.
INFO 2026-02-08 15:55:10,086 autoreload 45836 48076 Watching for file changes with StatReloader
INFO 2026-02-08 17:13:53,447 autoreload 9068 29924 Watching for file changes with StatReloader
